#
# There is insufficient memory for the Java Runtime Environment to continue.
# Native memory allocation (mmap) failed to map 557842432 bytes for Failed to commit area from 0x0000000094500000 to 0x00000000b5900000 of length 557842432.
# Possible reasons:
#   The system is out of physical RAM or swap space
#   The process is running with CompressedOops enabled, and the Java Heap may be blocking the growth of the native heap
# Possible solutions:
#   Reduce memory load on the system
#   Increase physical memory or swap space
#   Check if swap backing store is full
#   Decrease Java heap size (-Xmx/-Xms)
#   Decrease number of Java threads
#   Decrease Java thread stack sizes (-Xss)
#   Set larger code cache with -XX:ReservedCodeCacheSize=
#   JVM is running with Unscaled Compressed Oops mode in which the Java heap is
#     placed in the first 4GB address space. The Java Heap base address is the
#     maximum limit for the native heap growth. Please use -XX:HeapBaseMinAddress
#     to set the Java Heap base and to place the Java Heap above 4GB virtual address.
# This output file may be truncated or incomplete.
#
#  Out of Memory Error (t:/workspace/open/src/hotspot/os/windows/os_windows.cpp:3301), pid=20268, tid=9248
#
# JRE version: Java(TM) SE Runtime Environment (13.0.2+8) (build 13.0.2+8)
# Java VM: Java HotSpot(TM) 64-Bit Server VM (13.0.2+8, mixed mode, sharing, tiered, compressed oops, g1 gc, windows-amd64)
# No core dump will be written. Minidumps are not enabled by default on client versions of Windows
#

---------------  S U M M A R Y ------------

Command Line: -Dfile.encoding=Cp1252 main.Main

Host: Intel(R) Core(TM) i5-8250U CPU @ 1.60GHz, 8 cores, 7G,  Windows 10 , 64 bit Build 17763 (10.0.17763.1158)
Time: Fri May 15 12:55:22 2020 Hora est. Pacífico, Sudamérica elapsed time: 2 seconds (0d 0h 0m 2s)

---------------  T H R E A D  ---------------

Current thread (0x0000022744c41000):  VMThread "VM Thread" [stack: 0x00000034d9300000,0x00000034d9400000] [id=9248]

Stack: [0x00000034d9300000,0x00000034d9400000]
[error occurred during error reporting (printing stack bounds), id 0xc0000005, EXCEPTION_ACCESS_VIOLATION (0xc0000005) at pc=0x000002272db210ad]

Native frames: (J=compiled Java code, j=interpreted, Vv=VM code, C=native code)
V  [jvm.dll+0x624f9a]
V  [jvm.dll+0x770cfa]
V  [jvm.dll+0x7724af]
V  [jvm.dll+0x772a15]
V  [jvm.dll+0x7729cb]
V  [jvm.dll+0x6244df]
C  [ntdll.dll+0x66b26]
C  [ntdll.dll+0x4849]
C  [ntdll.dll+0xa350e]
C  0x000002272db210ad

VM_Operation (0x00000034d8dfd800): G1CollectForAllocation, mode: safepoint, requested by thread 0x0000022723e2e000


---------------  P R O C E S S  ---------------

Threads class SMR info:
_java_thread_list=0x00000227457243f0, length=12, elements={
0x0000022723e2e000, 0x0000022744c42800, 0x0000022744c47800, 0x0000022744c63000,
0x0000022744c66000, 0x0000022744c67000, 0x0000022744c77000, 0x0000022744c79000,
0x00000227456e5800, 0x00000227456eb000, 0x00000227458ac800, 0x0000022745997000
}

Java Threads: ( => current thread )
  0x0000022723e2e000 JavaThread "main" [_thread_blocked, id=3416, stack(0x00000034d8d00000,0x00000034d8e00000)]
  0x0000022744c42800 JavaThread "Reference Handler" daemon [_thread_blocked, id=8552, stack(0x00000034d9400000,0x00000034d9500000)]
  0x0000022744c47800 JavaThread "Finalizer" daemon [_thread_blocked, id=19492, stack(0x00000034d9500000,0x00000034d9600000)]
  0x0000022744c63000 JavaThread "Signal Dispatcher" daemon [_thread_blocked, id=20472, stack(0x00000034d9600000,0x00000034d9700000)]
  0x0000022744c66000 JavaThread "Attach Listener" daemon [_thread_blocked, id=17444, stack(0x00000034d9700000,0x00000034d9800000)]
  0x0000022744c67000 JavaThread "C2 CompilerThread0" daemon [_thread_blocked, id=15520, stack(0x00000034d9800000,0x00000034d9900000)]
  0x0000022744c77000 JavaThread "C1 CompilerThread0" daemon [_thread_blocked, id=2468, stack(0x00000034d9900000,0x00000034d9a00000)]
  0x0000022744c79000 JavaThread "Sweeper thread" daemon [_thread_blocked, id=19152, stack(0x00000034d9a00000,0x00000034d9b00000)]
  0x00000227456e5800 JavaThread "Service Thread" daemon [_thread_blocked, id=1932, stack(0x00000034d9b00000,0x00000034d9c00000)]
  0x00000227456eb000 JavaThread "Common-Cleaner" daemon [_thread_blocked, id=13116, stack(0x00000034d9d00000,0x00000034d9e00000)]
  0x00000227458ac800 JavaThread "C2 CompilerThread1" daemon [_thread_blocked, id=7840, stack(0x00000034d9e00000,0x00000034d9f00000)]
  0x0000022745997000 JavaThread "C2 CompilerThread2" daemon [_thread_blocked, id=7468, stack(0x00000034d9f00000,0x00000034da000000)]

Other Threads:
=>0x0000022744c41000 VMThread "VM Thread" [stack: 0x00000034d9300000,0x00000034d9400000] [id=9248]
  0x00000227456e6800 WatcherThread [stack: 0x00000034d9c00000,0x00000034d9d00000] [id=18092]
  0x0000022723e71000 GCTaskThread "GC Thread#0" [stack: 0x00000034d8e00000,0x00000034d8f00000] [id=16584]
  0x0000022745985800 GCTaskThread "GC Thread#1" [stack: 0x00000034da000000,0x00000034da100000] [id=18804]
  0x0000022745c90800 GCTaskThread "GC Thread#2" [stack: 0x00000034da100000,0x00000034da200000] [id=3768]
  0x00000227470e3800 GCTaskThread "GC Thread#3" [stack: 0x00000034da900000,0x00000034daa00000] [id=15492]
  0x0000022747a52800 GCTaskThread "GC Thread#4" [stack: 0x00000034daa00000,0x00000034dab00000] [id=13720]
  0x000002274717e000 GCTaskThread "GC Thread#5" [stack: 0x00000034dab00000,0x00000034dac00000] [id=12524]
  0x0000022723e82800 ConcurrentGCThread "G1 Main Marker" [stack: 0x00000034d8f00000,0x00000034d9000000] [id=3600]
  0x0000022723e84800 ConcurrentGCThread "G1 Conc#0" [stack: 0x00000034d9000000,0x00000034d9100000] [id=10236]
  0x00000227477f7000 ConcurrentGCThread "G1 Conc#1" [stack: 0x00000034da800000,0x00000034da900000] [id=9388]
  0x0000022744ac0800 ConcurrentGCThread "G1 Refine#0" [stack: 0x00000034d9100000,0x00000034d9200000] [id=16780]
  0x000002274637e000 ConcurrentGCThread "G1 Refine#1" [stack: 0x00000034da200000,0x00000034da300000] [id=14836]
  0x000002274638f000 ConcurrentGCThread "G1 Refine#2" [stack: 0x00000034da300000,0x00000034da400000] [id=3616]
  0x0000022746115800 ConcurrentGCThread "G1 Refine#3" [stack: 0x00000034da400000,0x00000034da500000] [id=18336]
  0x0000022746116000 ConcurrentGCThread "G1 Refine#4" [stack: 0x00000034da500000,0x00000034da600000] [id=18848]
  0x0000022746117000 ConcurrentGCThread "G1 Refine#5" [stack: 0x00000034da600000,0x00000034da700000] [id=17828]
  0x0000022746519000 ConcurrentGCThread "G1 Refine#6" [stack: 0x00000034da700000,0x00000034da800000] [id=17908]
  0x0000022723efd800 ConcurrentGCThread "G1 Young RemSet Sampling" [stack: 0x00000034d9200000,0x00000034d9300000] [id=18724]

Threads with active compile tasks:

VM state:at safepoint (normal execution)

VM Mutex/Monitor currently owned by a thread:  ([mutex/lock_event])
[0x0000022723e29bb0] Threads_lock - owner thread: 0x0000022744c41000
[0x0000022723e2a9c0] Heap_lock - owner thread: 0x0000022723e2e000

Heap address: 0x0000000082800000, size: 2008 MB, Compressed Oops mode: 32-bit
Narrow klass base: 0x0000000800000000, Narrow klass shift: 3
Compressed class space size: 1073741824 Address: 0x0000000800b40000

Heap:
 garbage-first heap   total 836608K, used 228864K [0x0000000082800000, 0x0000000100000000)
  region size 1024K, 3 young (3072K), 3 survivors (3072K)
 Metaspace       used 1339K, capacity 5063K, committed 5120K, reserved 1056768K
  class space    used 123K, capacity 477K, committed 512K, reserved 1048576K
Heap Regions: E=young(eden), S=young(survivor), O=old, HS=humongous(starts), HC=humongous(continues), CS=collection set, F=free, A=archive, TAMS=top-at-mark-start (previous, next)
|   0|0x0000000082800000, 0x0000000082900000, 0x0000000082900000|100%| O|  |TAMS 0x0000000082900000, 0x0000000082800000| Updating 
|   1|0x0000000082900000, 0x0000000082a00000, 0x0000000082a00000|100%| O|  |TAMS 0x0000000082a00000, 0x0000000082900000| Updating 
|   2|0x0000000082a00000, 0x0000000082b00000, 0x0000000082b00000|100%| O|  |TAMS 0x0000000082b00000, 0x0000000082a00000| Updating 
|   3|0x0000000082b00000, 0x0000000082c00000, 0x0000000082c00000|100%| O|  |TAMS 0x0000000082c00000, 0x0000000082b00000| Updating 
|   4|0x0000000082c00000, 0x0000000082d00000, 0x0000000082d00000|100%| O|  |TAMS 0x0000000082d00000, 0x0000000082c00000| Updating 
|   5|0x0000000082d00000, 0x0000000082e00000, 0x0000000082e00000|100%| O|  |TAMS 0x0000000082e00000, 0x0000000082d00000| Updating 
|   6|0x0000000082e00000, 0x0000000082f00000, 0x0000000082f00000|100%| O|  |TAMS 0x0000000082f00000, 0x0000000082e00000| Updating 
|   7|0x0000000082f00000, 0x0000000083000000, 0x0000000083000000|100%| O|  |TAMS 0x0000000083000000, 0x0000000082f00000| Updating 
|   8|0x0000000083000000, 0x0000000083100000, 0x0000000083100000|100%| O|  |TAMS 0x0000000083100000, 0x0000000083000000| Updating 
|   9|0x0000000083100000, 0x0000000083200000, 0x0000000083200000|100%| O|  |TAMS 0x0000000083200000, 0x0000000083100000| Updating 
|  10|0x0000000083200000, 0x0000000083300000, 0x0000000083300000|100%| O|  |TAMS 0x0000000083300000, 0x0000000083200000| Updating 
|  11|0x0000000083300000, 0x0000000083400000, 0x0000000083400000|100%| O|  |TAMS 0x0000000083400000, 0x0000000083300000| Updating 
|  12|0x0000000083400000, 0x0000000083500000, 0x0000000083500000|100%| O|  |TAMS 0x0000000083500000, 0x0000000083400000| Updating 
|  13|0x0000000083500000, 0x0000000083600000, 0x0000000083600000|100%| O|  |TAMS 0x0000000083600000, 0x0000000083500000| Updating 
|  14|0x0000000083600000, 0x0000000083700000, 0x0000000083700000|100%| O|  |TAMS 0x0000000083700000, 0x0000000083600000| Updating 
|  15|0x0000000083700000, 0x0000000083800000, 0x0000000083800000|100%| O|  |TAMS 0x0000000083800000, 0x0000000083700000| Updating 
|  16|0x0000000083800000, 0x0000000083900000, 0x0000000083900000|100%| O|  |TAMS 0x0000000083900000, 0x0000000083800000| Updating 
|  17|0x0000000083900000, 0x0000000083a00000, 0x0000000083a00000|100%| O|  |TAMS 0x0000000083a00000, 0x0000000083900000| Updating 
|  18|0x0000000083a00000, 0x0000000083b00000, 0x0000000083b00000|100%| O|  |TAMS 0x0000000083b00000, 0x0000000083a00000| Updating 
|  19|0x0000000083b00000, 0x0000000083c00000, 0x0000000083c00000|100%| O|  |TAMS 0x0000000083c00000, 0x0000000083b00000| Updating 
|  20|0x0000000083c00000, 0x0000000083d00000, 0x0000000083d00000|100%| O|  |TAMS 0x0000000083d00000, 0x0000000083c00000| Updating 
|  21|0x0000000083d00000, 0x0000000083e00000, 0x0000000083e00000|100%| O|  |TAMS 0x0000000083e00000, 0x0000000083d00000| Updating 
|  22|0x0000000083e00000, 0x0000000083f00000, 0x0000000083f00000|100%| O|  |TAMS 0x0000000083f00000, 0x0000000083e00000| Updating 
|  23|0x0000000083f00000, 0x0000000084000000, 0x0000000084000000|100%| O|  |TAMS 0x0000000084000000, 0x0000000083f00000| Updating 
|  24|0x0000000084000000, 0x0000000084100000, 0x0000000084100000|100%| O|  |TAMS 0x0000000084100000, 0x0000000084000000| Updating 
|  25|0x0000000084100000, 0x0000000084200000, 0x0000000084200000|100%| O|  |TAMS 0x0000000084200000, 0x0000000084100000| Updating 
|  26|0x0000000084200000, 0x0000000084300000, 0x0000000084300000|100%| O|  |TAMS 0x0000000084300000, 0x0000000084200000| Updating 
|  27|0x0000000084300000, 0x0000000084400000, 0x0000000084400000|100%| O|  |TAMS 0x0000000084400000, 0x0000000084300000| Updating 
|  28|0x0000000084400000, 0x0000000084500000, 0x0000000084500000|100%| O|  |TAMS 0x0000000084500000, 0x0000000084400000| Updating 
|  29|0x0000000084500000, 0x0000000084600000, 0x0000000084600000|100%| O|  |TAMS 0x0000000084600000, 0x0000000084500000| Updating 
|  30|0x0000000084600000, 0x0000000084700000, 0x0000000084700000|100%| O|  |TAMS 0x0000000084700000, 0x0000000084600000| Updating 
|  31|0x0000000084700000, 0x0000000084800000, 0x0000000084800000|100%| O|  |TAMS 0x0000000084800000, 0x0000000084700000| Updating 
|  32|0x0000000084800000, 0x0000000084900000, 0x0000000084900000|100%| O|  |TAMS 0x0000000084900000, 0x0000000084800000| Updating 
|  33|0x0000000084900000, 0x0000000084a00000, 0x0000000084a00000|100%| O|  |TAMS 0x0000000084a00000, 0x0000000084900000| Updating 
|  34|0x0000000084a00000, 0x0000000084b00000, 0x0000000084b00000|100%| O|  |TAMS 0x0000000084b00000, 0x0000000084a00000| Updating 
|  35|0x0000000084b00000, 0x0000000084c00000, 0x0000000084c00000|100%| O|  |TAMS 0x0000000084c00000, 0x0000000084b00000| Updating 
|  36|0x0000000084c00000, 0x0000000084d00000, 0x0000000084d00000|100%| O|  |TAMS 0x0000000084d00000, 0x0000000084c00000| Updating 
|  37|0x0000000084d00000, 0x0000000084e00000, 0x0000000084e00000|100%| O|  |TAMS 0x0000000084e00000, 0x0000000084d00000| Updating 
|  38|0x0000000084e00000, 0x0000000084f00000, 0x0000000084f00000|100%| O|  |TAMS 0x0000000084f00000, 0x0000000084e00000| Updating 
|  39|0x0000000084f00000, 0x0000000085000000, 0x0000000085000000|100%| O|  |TAMS 0x0000000085000000, 0x0000000084f00000| Updating 
|  40|0x0000000085000000, 0x0000000085100000, 0x0000000085100000|100%| O|  |TAMS 0x0000000085100000, 0x0000000085000000| Updating 
|  41|0x0000000085100000, 0x0000000085200000, 0x0000000085200000|100%| O|  |TAMS 0x0000000085200000, 0x0000000085100000| Updating 
|  42|0x0000000085200000, 0x0000000085300000, 0x0000000085300000|100%| O|  |TAMS 0x0000000085300000, 0x0000000085200000| Updating 
|  43|0x0000000085300000, 0x0000000085400000, 0x0000000085400000|100%| O|  |TAMS 0x0000000085400000, 0x0000000085300000| Updating 
|  44|0x0000000085400000, 0x0000000085500000, 0x0000000085500000|100%| O|  |TAMS 0x0000000085500000, 0x0000000085400000| Updating 
|  45|0x0000000085500000, 0x0000000085600000, 0x0000000085600000|100%| O|  |TAMS 0x0000000085600000, 0x0000000085500000| Updating 
|  46|0x0000000085600000, 0x0000000085700000, 0x0000000085700000|100%| O|  |TAMS 0x0000000085700000, 0x0000000085600000| Updating 
|  47|0x0000000085700000, 0x0000000085800000, 0x0000000085800000|100%| O|  |TAMS 0x0000000085800000, 0x0000000085700000| Updating 
|  48|0x0000000085800000, 0x0000000085900000, 0x0000000085900000|100%| O|  |TAMS 0x0000000085900000, 0x0000000085800000| Updating 
|  49|0x0000000085900000, 0x0000000085a00000, 0x0000000085a00000|100%| O|  |TAMS 0x0000000085a00000, 0x0000000085900000| Updating 
|  50|0x0000000085a00000, 0x0000000085b00000, 0x0000000085b00000|100%| O|  |TAMS 0x0000000085b00000, 0x0000000085a00000| Updating 
|  51|0x0000000085b00000, 0x0000000085c00000, 0x0000000085c00000|100%| O|  |TAMS 0x0000000085c00000, 0x0000000085b00000| Updating 
|  52|0x0000000085c00000, 0x0000000085d00000, 0x0000000085d00000|100%| O|  |TAMS 0x0000000085d00000, 0x0000000085c00000| Updating 
|  53|0x0000000085d00000, 0x0000000085e00000, 0x0000000085e00000|100%| O|  |TAMS 0x0000000085e00000, 0x0000000085d00000| Updating 
|  54|0x0000000085e00000, 0x0000000085f00000, 0x0000000085f00000|100%| O|  |TAMS 0x0000000085f00000, 0x0000000085e00000| Updating 
|  55|0x0000000085f00000, 0x0000000086000000, 0x0000000086000000|100%| O|  |TAMS 0x0000000086000000, 0x0000000085f00000| Updating 
|  56|0x0000000086000000, 0x0000000086100000, 0x0000000086100000|100%| O|  |TAMS 0x0000000086100000, 0x0000000086000000| Updating 
|  57|0x0000000086100000, 0x0000000086200000, 0x0000000086200000|100%| O|  |TAMS 0x0000000086200000, 0x0000000086100000| Updating 
|  58|0x0000000086200000, 0x0000000086300000, 0x0000000086300000|100%| O|  |TAMS 0x0000000086300000, 0x0000000086200000| Updating 
|  59|0x0000000086300000, 0x0000000086400000, 0x0000000086400000|100%| O|  |TAMS 0x0000000086400000, 0x0000000086300000| Updating 
|  60|0x0000000086400000, 0x0000000086500000, 0x0000000086500000|100%| O|  |TAMS 0x0000000086500000, 0x0000000086400000| Updating 
|  61|0x0000000086500000, 0x0000000086600000, 0x0000000086600000|100%| O|  |TAMS 0x0000000086600000, 0x0000000086500000| Updating 
|  62|0x0000000086600000, 0x0000000086700000, 0x0000000086700000|100%| O|  |TAMS 0x0000000086700000, 0x0000000086600000| Updating 
|  63|0x0000000086700000, 0x0000000086800000, 0x0000000086800000|100%| O|  |TAMS 0x0000000086800000, 0x0000000086700000| Updating 
|  64|0x0000000086800000, 0x0000000086900000, 0x0000000086900000|100%| O|  |TAMS 0x0000000086900000, 0x0000000086800000| Updating 
|  65|0x0000000086900000, 0x0000000086a00000, 0x0000000086a00000|100%| O|  |TAMS 0x0000000086a00000, 0x0000000086900000| Updating 
|  66|0x0000000086a00000, 0x0000000086b00000, 0x0000000086b00000|100%| O|  |TAMS 0x0000000086b00000, 0x0000000086a00000| Updating 
|  67|0x0000000086b00000, 0x0000000086c00000, 0x0000000086c00000|100%| O|  |TAMS 0x0000000086c00000, 0x0000000086b00000| Updating 
|  68|0x0000000086c00000, 0x0000000086d00000, 0x0000000086d00000|100%| O|  |TAMS 0x0000000086d00000, 0x0000000086c00000| Updating 
|  69|0x0000000086d00000, 0x0000000086e00000, 0x0000000086e00000|100%| O|  |TAMS 0x0000000086e00000, 0x0000000086d00000| Updating 
|  70|0x0000000086e00000, 0x0000000086f00000, 0x0000000086f00000|100%| O|  |TAMS 0x0000000086f00000, 0x0000000086e00000| Updating 
|  71|0x0000000086f00000, 0x0000000087000000, 0x0000000087000000|100%| O|  |TAMS 0x0000000087000000, 0x0000000086f00000| Updating 
|  72|0x0000000087000000, 0x0000000087100000, 0x0000000087100000|100%| O|  |TAMS 0x0000000087100000, 0x0000000087000000| Updating 
|  73|0x0000000087100000, 0x0000000087200000, 0x0000000087200000|100%| O|  |TAMS 0x0000000087200000, 0x0000000087100000| Updating 
|  74|0x0000000087200000, 0x0000000087300000, 0x0000000087300000|100%| O|  |TAMS 0x0000000087300000, 0x0000000087200000| Updating 
|  75|0x0000000087300000, 0x0000000087400000, 0x0000000087400000|100%| O|  |TAMS 0x0000000087400000, 0x0000000087300000| Updating 
|  76|0x0000000087400000, 0x0000000087500000, 0x0000000087500000|100%| O|  |TAMS 0x0000000087500000, 0x0000000087400000| Updating 
|  77|0x0000000087500000, 0x0000000087600000, 0x0000000087600000|100%| O|  |TAMS 0x0000000087600000, 0x0000000087500000| Updating 
|  78|0x0000000087600000, 0x0000000087700000, 0x0000000087700000|100%| O|  |TAMS 0x0000000087700000, 0x0000000087600000| Updating 
|  79|0x0000000087700000, 0x0000000087800000, 0x0000000087800000|100%| O|  |TAMS 0x0000000087800000, 0x0000000087700000| Updating 
|  80|0x0000000087800000, 0x0000000087900000, 0x0000000087900000|100%| O|  |TAMS 0x0000000087900000, 0x0000000087800000| Updating 
|  81|0x0000000087900000, 0x0000000087a00000, 0x0000000087a00000|100%| O|  |TAMS 0x0000000087a00000, 0x0000000087900000| Updating 
|  82|0x0000000087a00000, 0x0000000087b00000, 0x0000000087b00000|100%| O|  |TAMS 0x0000000087b00000, 0x0000000087a00000| Updating 
|  83|0x0000000087b00000, 0x0000000087c00000, 0x0000000087c00000|100%| O|  |TAMS 0x0000000087c00000, 0x0000000087b00000| Updating 
|  84|0x0000000087c00000, 0x0000000087d00000, 0x0000000087d00000|100%| O|  |TAMS 0x0000000087d00000, 0x0000000087c00000| Updating 
|  85|0x0000000087d00000, 0x0000000087e00000, 0x0000000087e00000|100%| O|  |TAMS 0x0000000087e00000, 0x0000000087d00000| Updating 
|  86|0x0000000087e00000, 0x0000000087f00000, 0x0000000087f00000|100%| O|  |TAMS 0x0000000087e80000, 0x0000000087e00000| Updating 
|  87|0x0000000087f00000, 0x0000000088000000, 0x0000000088000000|100%| O|  |TAMS 0x0000000087f00000, 0x0000000087f00000| Untracked 
|  88|0x0000000088000000, 0x0000000088100000, 0x0000000088100000|100%| O|  |TAMS 0x0000000088000000, 0x0000000088000000| Untracked 
|  89|0x0000000088100000, 0x0000000088200000, 0x0000000088200000|100%| O|  |TAMS 0x0000000088100000, 0x0000000088100000| Untracked 
|  90|0x0000000088200000, 0x0000000088300000, 0x0000000088300000|100%| O|  |TAMS 0x0000000088200000, 0x0000000088200000| Untracked 
|  91|0x0000000088300000, 0x0000000088400000, 0x0000000088400000|100%| O|  |TAMS 0x0000000088300000, 0x0000000088300000| Untracked 
|  92|0x0000000088400000, 0x0000000088500000, 0x0000000088500000|100%| O|  |TAMS 0x0000000088400000, 0x0000000088400000| Untracked 
|  93|0x0000000088500000, 0x0000000088600000, 0x0000000088600000|100%| O|  |TAMS 0x0000000088500000, 0x0000000088500000| Untracked 
|  94|0x0000000088600000, 0x0000000088700000, 0x0000000088700000|100%| O|  |TAMS 0x0000000088600000, 0x0000000088600000| Untracked 
|  95|0x0000000088700000, 0x0000000088800000, 0x0000000088800000|100%| O|  |TAMS 0x0000000088700000, 0x0000000088700000| Untracked 
|  96|0x0000000088800000, 0x0000000088900000, 0x0000000088900000|100%| O|  |TAMS 0x0000000088800000, 0x0000000088800000| Untracked 
|  97|0x0000000088900000, 0x0000000088a00000, 0x0000000088a00000|100%| O|  |TAMS 0x0000000088900000, 0x0000000088900000| Untracked 
|  98|0x0000000088a00000, 0x0000000088b00000, 0x0000000088b00000|100%| O|  |TAMS 0x0000000088a00000, 0x0000000088a00000| Untracked 
|  99|0x0000000088b00000, 0x0000000088c00000, 0x0000000088c00000|100%| O|  |TAMS 0x0000000088b00000, 0x0000000088b00000| Untracked 
| 100|0x0000000088c00000, 0x0000000088d00000, 0x0000000088d00000|100%| O|  |TAMS 0x0000000088c00000, 0x0000000088c00000| Untracked 
| 101|0x0000000088d00000, 0x0000000088e00000, 0x0000000088e00000|100%| O|  |TAMS 0x0000000088d00000, 0x0000000088d00000| Untracked 
| 102|0x0000000088e00000, 0x0000000088f00000, 0x0000000088f00000|100%| O|  |TAMS 0x0000000088e00000, 0x0000000088e00000| Untracked 
| 103|0x0000000088f00000, 0x0000000089000000, 0x0000000089000000|100%| O|  |TAMS 0x0000000088f00000, 0x0000000088f00000| Untracked 
| 104|0x0000000089000000, 0x0000000089100000, 0x0000000089100000|100%| O|  |TAMS 0x0000000089000000, 0x0000000089000000| Untracked 
| 105|0x0000000089100000, 0x0000000089200000, 0x0000000089200000|100%| O|  |TAMS 0x0000000089100000, 0x0000000089100000| Untracked 
| 106|0x0000000089200000, 0x0000000089300000, 0x0000000089300000|100%| O|  |TAMS 0x0000000089200000, 0x0000000089200000| Untracked 
| 107|0x0000000089300000, 0x0000000089400000, 0x0000000089400000|100%| O|  |TAMS 0x0000000089300000, 0x0000000089300000| Untracked 
| 108|0x0000000089400000, 0x0000000089500000, 0x0000000089500000|100%| O|  |TAMS 0x0000000089400000, 0x0000000089400000| Untracked 
| 109|0x0000000089500000, 0x0000000089600000, 0x0000000089600000|100%| O|  |TAMS 0x0000000089500000, 0x0000000089500000| Untracked 
| 110|0x0000000089600000, 0x0000000089700000, 0x0000000089700000|100%| O|  |TAMS 0x0000000089600000, 0x0000000089600000| Untracked 
| 111|0x0000000089700000, 0x0000000089800000, 0x0000000089800000|100%| O|  |TAMS 0x0000000089700000, 0x0000000089700000| Untracked 
| 112|0x0000000089800000, 0x0000000089900000, 0x0000000089900000|100%| O|  |TAMS 0x0000000089800000, 0x0000000089800000| Untracked 
| 113|0x0000000089900000, 0x0000000089a00000, 0x0000000089a00000|100%| O|  |TAMS 0x0000000089900000, 0x0000000089900000| Untracked 
| 114|0x0000000089a00000, 0x0000000089b00000, 0x0000000089b00000|100%| O|  |TAMS 0x0000000089a00000, 0x0000000089a00000| Untracked 
| 115|0x0000000089b00000, 0x0000000089c00000, 0x0000000089c00000|100%| O|  |TAMS 0x0000000089b00000, 0x0000000089b00000| Untracked 
| 116|0x0000000089c00000, 0x0000000089d00000, 0x0000000089d00000|100%| O|  |TAMS 0x0000000089c00000, 0x0000000089c00000| Untracked 
| 117|0x0000000089d00000, 0x0000000089e00000, 0x0000000089e00000|100%| O|  |TAMS 0x0000000089d00000, 0x0000000089d00000| Untracked 
| 118|0x0000000089e00000, 0x0000000089f00000, 0x0000000089f00000|100%| O|  |TAMS 0x0000000089e00000, 0x0000000089e00000| Untracked 
| 119|0x0000000089f00000, 0x000000008a000000, 0x000000008a000000|100%| O|  |TAMS 0x0000000089f00000, 0x0000000089f00000| Untracked 
| 120|0x000000008a000000, 0x000000008a100000, 0x000000008a100000|100%| O|  |TAMS 0x000000008a000000, 0x000000008a000000| Untracked 
| 121|0x000000008a100000, 0x000000008a200000, 0x000000008a200000|100%| O|  |TAMS 0x000000008a100000, 0x000000008a100000| Untracked 
| 122|0x000000008a200000, 0x000000008a300000, 0x000000008a300000|100%| O|  |TAMS 0x000000008a200000, 0x000000008a200000| Untracked 
| 123|0x000000008a300000, 0x000000008a400000, 0x000000008a400000|100%| O|  |TAMS 0x000000008a300000, 0x000000008a300000| Untracked 
| 124|0x000000008a400000, 0x000000008a500000, 0x000000008a500000|100%| O|  |TAMS 0x000000008a400000, 0x000000008a400000| Untracked 
| 125|0x000000008a500000, 0x000000008a600000, 0x000000008a600000|100%| O|  |TAMS 0x000000008a500000, 0x000000008a500000| Untracked 
| 126|0x000000008a600000, 0x000000008a700000, 0x000000008a700000|100%| O|  |TAMS 0x000000008a600000, 0x000000008a600000| Untracked 
| 127|0x000000008a700000, 0x000000008a800000, 0x000000008a800000|100%| O|  |TAMS 0x000000008a700000, 0x000000008a700000| Untracked 
| 128|0x000000008a800000, 0x000000008a900000, 0x000000008a900000|100%| O|  |TAMS 0x000000008a800000, 0x000000008a800000| Untracked 
| 129|0x000000008a900000, 0x000000008aa00000, 0x000000008aa00000|100%| O|  |TAMS 0x000000008a900000, 0x000000008a900000| Untracked 
| 130|0x000000008aa00000, 0x000000008ab00000, 0x000000008ab00000|100%| O|  |TAMS 0x000000008aa00000, 0x000000008aa00000| Untracked 
| 131|0x000000008ab00000, 0x000000008ac00000, 0x000000008ac00000|100%| O|  |TAMS 0x000000008ab00000, 0x000000008ab00000| Untracked 
| 132|0x000000008ac00000, 0x000000008ad00000, 0x000000008ad00000|100%| O|  |TAMS 0x000000008ac00000, 0x000000008ac00000| Untracked 
| 133|0x000000008ad00000, 0x000000008ae00000, 0x000000008ae00000|100%| O|  |TAMS 0x000000008ad00000, 0x000000008ad00000| Untracked 
| 134|0x000000008ae00000, 0x000000008af00000, 0x000000008af00000|100%| O|  |TAMS 0x000000008ae00000, 0x000000008ae00000| Untracked 
| 135|0x000000008af00000, 0x000000008b000000, 0x000000008b000000|100%| O|  |TAMS 0x000000008af00000, 0x000000008af00000| Untracked 
| 136|0x000000008b000000, 0x000000008b100000, 0x000000008b100000|100%| O|  |TAMS 0x000000008b000000, 0x000000008b000000| Untracked 
| 137|0x000000008b100000, 0x000000008b200000, 0x000000008b200000|100%| O|  |TAMS 0x000000008b100000, 0x000000008b100000| Untracked 
| 138|0x000000008b200000, 0x000000008b300000, 0x000000008b300000|100%| O|  |TAMS 0x000000008b200000, 0x000000008b200000| Untracked 
| 139|0x000000008b300000, 0x000000008b400000, 0x000000008b400000|100%| O|  |TAMS 0x000000008b300000, 0x000000008b300000| Untracked 
| 140|0x000000008b400000, 0x000000008b500000, 0x000000008b500000|100%| O|  |TAMS 0x000000008b400000, 0x000000008b400000| Untracked 
| 141|0x000000008b500000, 0x000000008b600000, 0x000000008b600000|100%| O|  |TAMS 0x000000008b500000, 0x000000008b500000| Untracked 
| 142|0x000000008b600000, 0x000000008b700000, 0x000000008b700000|100%| O|  |TAMS 0x000000008b600000, 0x000000008b600000| Untracked 
| 143|0x000000008b700000, 0x000000008b800000, 0x000000008b800000|100%| O|  |TAMS 0x000000008b700000, 0x000000008b700000| Untracked 
| 144|0x000000008b800000, 0x000000008b900000, 0x000000008b900000|100%| O|  |TAMS 0x000000008b800000, 0x000000008b800000| Untracked 
| 145|0x000000008b900000, 0x000000008ba00000, 0x000000008ba00000|100%| O|  |TAMS 0x000000008b900000, 0x000000008b900000| Untracked 
| 146|0x000000008ba00000, 0x000000008bb00000, 0x000000008bb00000|100%| O|  |TAMS 0x000000008ba00000, 0x000000008ba00000| Untracked 
| 147|0x000000008bb00000, 0x000000008bc00000, 0x000000008bc00000|100%| O|  |TAMS 0x000000008bb00000, 0x000000008bb00000| Untracked 
| 148|0x000000008bc00000, 0x000000008bd00000, 0x000000008bd00000|100%| O|  |TAMS 0x000000008bc00000, 0x000000008bc00000| Untracked 
| 149|0x000000008bd00000, 0x000000008be00000, 0x000000008be00000|100%| O|  |TAMS 0x000000008bd00000, 0x000000008bd00000| Untracked 
| 150|0x000000008be00000, 0x000000008bf00000, 0x000000008bf00000|100%| O|  |TAMS 0x000000008be00000, 0x000000008be00000| Updating 
| 151|0x000000008bf00000, 0x000000008c000000, 0x000000008c000000|100%| O|  |TAMS 0x000000008bf00000, 0x000000008bf00000| Untracked 
| 152|0x000000008c000000, 0x000000008c100000, 0x000000008c100000|100%| O|  |TAMS 0x000000008c000000, 0x000000008c000000| Untracked 
| 153|0x000000008c100000, 0x000000008c200000, 0x000000008c200000|100%| O|  |TAMS 0x000000008c100000, 0x000000008c100000| Untracked 
| 154|0x000000008c200000, 0x000000008c300000, 0x000000008c300000|100%| O|  |TAMS 0x000000008c200000, 0x000000008c200000| Untracked 
| 155|0x000000008c300000, 0x000000008c400000, 0x000000008c400000|100%| O|  |TAMS 0x000000008c300000, 0x000000008c300000| Untracked 
| 156|0x000000008c400000, 0x000000008c500000, 0x000000008c500000|100%| O|  |TAMS 0x000000008c400000, 0x000000008c400000| Untracked 
| 157|0x000000008c500000, 0x000000008c600000, 0x000000008c600000|100%| O|  |TAMS 0x000000008c500000, 0x000000008c500000| Untracked 
| 158|0x000000008c600000, 0x000000008c700000, 0x000000008c700000|100%| O|  |TAMS 0x000000008c600000, 0x000000008c600000| Untracked 
| 159|0x000000008c700000, 0x000000008c800000, 0x000000008c800000|100%| O|  |TAMS 0x000000008c700000, 0x000000008c700000| Untracked 
| 160|0x000000008c800000, 0x000000008c900000, 0x000000008c900000|100%| O|  |TAMS 0x000000008c800000, 0x000000008c800000| Untracked 
| 161|0x000000008c900000, 0x000000008ca00000, 0x000000008ca00000|100%| O|  |TAMS 0x000000008c900000, 0x000000008c900000| Untracked 
| 162|0x000000008ca00000, 0x000000008cb00000, 0x000000008cb00000|100%| O|  |TAMS 0x000000008ca00000, 0x000000008ca00000| Untracked 
| 163|0x000000008cb00000, 0x000000008cc00000, 0x000000008cc00000|100%| O|  |TAMS 0x000000008cb00000, 0x000000008cb00000| Untracked 
| 164|0x000000008cc00000, 0x000000008cd00000, 0x000000008cd00000|100%| O|  |TAMS 0x000000008cc00000, 0x000000008cc00000| Untracked 
| 165|0x000000008cd00000, 0x000000008ce00000, 0x000000008ce00000|100%| O|  |TAMS 0x000000008cd00000, 0x000000008cd00000| Untracked 
| 166|0x000000008ce00000, 0x000000008cf00000, 0x000000008cf00000|100%| O|  |TAMS 0x000000008ce00000, 0x000000008ce00000| Untracked 
| 167|0x000000008cf00000, 0x000000008d000000, 0x000000008d000000|100%| O|  |TAMS 0x000000008cf00000, 0x000000008cf00000| Untracked 
| 168|0x000000008d000000, 0x000000008d100000, 0x000000008d100000|100%| O|  |TAMS 0x000000008d000000, 0x000000008d000000| Untracked 
| 169|0x000000008d100000, 0x000000008d200000, 0x000000008d200000|100%| O|  |TAMS 0x000000008d100000, 0x000000008d100000| Untracked 
| 170|0x000000008d200000, 0x000000008d300000, 0x000000008d300000|100%| O|  |TAMS 0x000000008d200000, 0x000000008d200000| Untracked 
| 171|0x000000008d300000, 0x000000008d400000, 0x000000008d400000|100%| O|  |TAMS 0x000000008d300000, 0x000000008d300000| Untracked 
| 172|0x000000008d400000, 0x000000008d500000, 0x000000008d500000|100%| O|  |TAMS 0x000000008d400000, 0x000000008d400000| Untracked 
| 173|0x000000008d500000, 0x000000008d600000, 0x000000008d600000|100%| O|  |TAMS 0x000000008d500000, 0x000000008d500000| Untracked 
| 174|0x000000008d600000, 0x000000008d700000, 0x000000008d700000|100%| O|  |TAMS 0x000000008d600000, 0x000000008d600000| Untracked 
| 175|0x000000008d700000, 0x000000008d800000, 0x000000008d800000|100%| O|  |TAMS 0x000000008d700000, 0x000000008d700000| Untracked 
| 176|0x000000008d800000, 0x000000008d900000, 0x000000008d900000|100%| O|  |TAMS 0x000000008d800000, 0x000000008d800000| Untracked 
| 177|0x000000008d900000, 0x000000008da00000, 0x000000008da00000|100%| O|  |TAMS 0x000000008d900000, 0x000000008d900000| Untracked 
| 178|0x000000008da00000, 0x000000008db00000, 0x000000008db00000|100%| O|  |TAMS 0x000000008da00000, 0x000000008da00000| Untracked 
| 179|0x000000008db00000, 0x000000008dc00000, 0x000000008dc00000|100%| O|  |TAMS 0x000000008db00000, 0x000000008db00000| Untracked 
| 180|0x000000008dc00000, 0x000000008dd00000, 0x000000008dd00000|100%| O|  |TAMS 0x000000008dc00000, 0x000000008dc00000| Untracked 
| 181|0x000000008dd00000, 0x000000008de00000, 0x000000008de00000|100%| O|  |TAMS 0x000000008dd00000, 0x000000008dd00000| Untracked 
| 182|0x000000008de00000, 0x000000008df00000, 0x000000008df00000|100%| O|  |TAMS 0x000000008de00000, 0x000000008de00000| Untracked 
| 183|0x000000008df00000, 0x000000008e000000, 0x000000008e000000|100%| O|  |TAMS 0x000000008df00000, 0x000000008df00000| Untracked 
| 184|0x000000008e000000, 0x000000008e100000, 0x000000008e100000|100%| O|  |TAMS 0x000000008e000000, 0x000000008e000000| Untracked 
| 185|0x000000008e100000, 0x000000008e200000, 0x000000008e200000|100%| O|  |TAMS 0x000000008e100000, 0x000000008e100000| Untracked 
| 186|0x000000008e200000, 0x000000008e300000, 0x000000008e300000|100%| O|  |TAMS 0x000000008e200000, 0x000000008e200000| Untracked 
| 187|0x000000008e300000, 0x000000008e400000, 0x000000008e400000|100%| O|  |TAMS 0x000000008e300000, 0x000000008e300000| Untracked 
| 188|0x000000008e400000, 0x000000008e500000, 0x000000008e500000|100%| O|  |TAMS 0x000000008e400000, 0x000000008e400000| Untracked 
| 189|0x000000008e500000, 0x000000008e600000, 0x000000008e600000|100%| O|  |TAMS 0x000000008e500000, 0x000000008e500000| Untracked 
| 190|0x000000008e600000, 0x000000008e700000, 0x000000008e700000|100%| O|  |TAMS 0x000000008e600000, 0x000000008e600000| Untracked 
| 191|0x000000008e700000, 0x000000008e800000, 0x000000008e800000|100%| O|  |TAMS 0x000000008e700000, 0x000000008e700000| Untracked 
| 192|0x000000008e800000, 0x000000008e900000, 0x000000008e900000|100%| O|  |TAMS 0x000000008e800000, 0x000000008e800000| Untracked 
| 193|0x000000008e900000, 0x000000008ea00000, 0x000000008ea00000|100%| O|  |TAMS 0x000000008e900000, 0x000000008e900000| Untracked 
| 194|0x000000008ea00000, 0x000000008eb00000, 0x000000008eb00000|100%| O|  |TAMS 0x000000008ea00000, 0x000000008ea00000| Untracked 
| 195|0x000000008eb00000, 0x000000008ec00000, 0x000000008ec00000|100%| O|  |TAMS 0x000000008eb00000, 0x000000008eb00000| Untracked 
| 196|0x000000008ec00000, 0x000000008ed00000, 0x000000008ed00000|100%| O|  |TAMS 0x000000008ec00000, 0x000000008ec00000| Untracked 
| 197|0x000000008ed00000, 0x000000008ee00000, 0x000000008ee00000|100%| O|  |TAMS 0x000000008ed00000, 0x000000008ed00000| Untracked 
| 198|0x000000008ee00000, 0x000000008ef00000, 0x000000008ef00000|100%| O|  |TAMS 0x000000008ee00000, 0x000000008ee00000| Untracked 
| 199|0x000000008ef00000, 0x000000008f000000, 0x000000008f000000|100%| O|  |TAMS 0x000000008ef00000, 0x000000008ef00000| Untracked 
| 200|0x000000008f000000, 0x000000008f100000, 0x000000008f100000|100%| O|  |TAMS 0x000000008f000000, 0x000000008f000000| Untracked 
| 201|0x000000008f100000, 0x000000008f200000, 0x000000008f200000|100%| O|  |TAMS 0x000000008f100000, 0x000000008f100000| Untracked 
| 202|0x000000008f200000, 0x000000008f300000, 0x000000008f300000|100%|HS|  |TAMS 0x000000008f200000, 0x000000008f200000| Complete 
| 203|0x000000008f300000, 0x000000008f400000, 0x000000008f400000|100%| O|  |TAMS 0x000000008f300000, 0x000000008f300000| Untracked 
| 204|0x000000008f400000, 0x000000008f500000, 0x000000008f500000|100%| O|  |TAMS 0x000000008f400000, 0x000000008f400000| Untracked 
| 205|0x000000008f500000, 0x000000008f600000, 0x000000008f600000|100%| O|  |TAMS 0x000000008f500000, 0x000000008f500000| Untracked 
| 206|0x000000008f600000, 0x000000008f700000, 0x000000008f700000|100%| O|  |TAMS 0x000000008f600000, 0x000000008f600000| Untracked 
| 207|0x000000008f700000, 0x000000008f800000, 0x000000008f800000|100%| O|  |TAMS 0x000000008f700000, 0x000000008f700000| Untracked 
| 208|0x000000008f800000, 0x000000008f900000, 0x000000008f900000|100%| O|  |TAMS 0x000000008f800000, 0x000000008f800000| Untracked 
| 209|0x000000008f900000, 0x000000008fa00000, 0x000000008fa00000|100%| O|  |TAMS 0x000000008f900000, 0x000000008f900000| Untracked 
| 210|0x000000008fa00000, 0x000000008fb00000, 0x000000008fb00000|100%| O|  |TAMS 0x000000008fa00000, 0x000000008fa00000| Untracked 
| 211|0x000000008fb00000, 0x000000008fc00000, 0x000000008fc00000|100%| O|  |TAMS 0x000000008fb00000, 0x000000008fb00000| Untracked 
| 212|0x000000008fc00000, 0x000000008fd00000, 0x000000008fd00000|100%| O|  |TAMS 0x000000008fc00000, 0x000000008fc00000| Untracked 
| 213|0x000000008fd00000, 0x000000008fe00000, 0x000000008fe00000|100%| O|  |TAMS 0x000000008fd00000, 0x000000008fd00000| Untracked 
| 214|0x000000008fe00000, 0x000000008ff00000, 0x000000008ff00000|100%| O|  |TAMS 0x000000008fe00000, 0x000000008fe00000| Untracked 
| 215|0x000000008ff00000, 0x0000000090000000, 0x0000000090000000|100%| O|  |TAMS 0x000000008ff00000, 0x000000008ff00000| Untracked 
| 216|0x0000000090000000, 0x0000000090100000, 0x0000000090100000|100%| O|  |TAMS 0x0000000090000000, 0x0000000090000000| Untracked 
| 217|0x0000000090100000, 0x0000000090200000, 0x0000000090200000|100%| O|  |TAMS 0x0000000090100000, 0x0000000090100000| Untracked 
| 218|0x0000000090200000, 0x0000000090300000, 0x0000000090300000|100%| O|  |TAMS 0x0000000090200000, 0x0000000090200000| Untracked 
| 219|0x0000000090300000, 0x0000000090400000, 0x0000000090400000|100%| O|  |TAMS 0x0000000090300000, 0x0000000090300000| Untracked 
| 220|0x0000000090400000, 0x0000000090480000, 0x0000000090500000| 50%| O|  |TAMS 0x0000000090400000, 0x0000000090400000| Untracked 
| 221|0x0000000090500000, 0x0000000090500000, 0x0000000090600000|  0%| F|  |TAMS 0x0000000090500000, 0x0000000090500000| Untracked 
| 222|0x0000000090600000, 0x0000000090600000, 0x0000000090700000|  0%| F|  |TAMS 0x0000000090600000, 0x0000000090600000| Untracked 
| 223|0x0000000090700000, 0x0000000090700000, 0x0000000090800000|  0%| F|  |TAMS 0x0000000090700000, 0x0000000090700000| Untracked 
| 224|0x0000000090800000, 0x0000000090800000, 0x0000000090900000|  0%| F|  |TAMS 0x0000000090800000, 0x0000000090800000| Untracked 
| 225|0x0000000090900000, 0x0000000090900000, 0x0000000090a00000|  0%| F|  |TAMS 0x0000000090900000, 0x0000000090900000| Untracked 
| 226|0x0000000090a00000, 0x0000000090a00000, 0x0000000090b00000|  0%| F|  |TAMS 0x0000000090a00000, 0x0000000090a00000| Untracked 
| 227|0x0000000090b00000, 0x0000000090b00000, 0x0000000090c00000|  0%| F|  |TAMS 0x0000000090b00000, 0x0000000090b00000| Untracked 
| 228|0x0000000090c00000, 0x0000000090c00000, 0x0000000090d00000|  0%| F|  |TAMS 0x0000000090c00000, 0x0000000090c00000| Untracked 
| 229|0x0000000090d00000, 0x0000000090d00000, 0x0000000090e00000|  0%| F|  |TAMS 0x0000000090d00000, 0x0000000090d00000| Untracked 
| 230|0x0000000090e00000, 0x0000000090e00000, 0x0000000090f00000|  0%| F|  |TAMS 0x0000000090e00000, 0x0000000090e00000| Untracked 
| 231|0x0000000090f00000, 0x0000000090f00000, 0x0000000091000000|  0%| F|  |TAMS 0x0000000090f00000, 0x0000000090f00000| Untracked 
| 232|0x0000000091000000, 0x0000000091000000, 0x0000000091100000|  0%| F|  |TAMS 0x0000000091000000, 0x0000000091000000| Untracked 
| 233|0x0000000091100000, 0x0000000091100000, 0x0000000091200000|  0%| F|  |TAMS 0x0000000091100000, 0x0000000091100000| Untracked 
| 234|0x0000000091200000, 0x0000000091200000, 0x0000000091300000|  0%| F|  |TAMS 0x0000000091200000, 0x0000000091200000| Untracked 
| 235|0x0000000091300000, 0x0000000091300000, 0x0000000091400000|  0%| F|  |TAMS 0x0000000091300000, 0x0000000091300000| Untracked 
| 236|0x0000000091400000, 0x0000000091400000, 0x0000000091500000|  0%| F|  |TAMS 0x0000000091400000, 0x0000000091400000| Untracked 
| 237|0x0000000091500000, 0x0000000091500000, 0x0000000091600000|  0%| F|  |TAMS 0x0000000091500000, 0x0000000091500000| Untracked 
| 238|0x0000000091600000, 0x0000000091600000, 0x0000000091700000|  0%| F|  |TAMS 0x0000000091600000, 0x0000000091600000| Untracked 
| 239|0x0000000091700000, 0x0000000091700000, 0x0000000091800000|  0%| F|  |TAMS 0x0000000091700000, 0x0000000091700000| Untracked 
| 240|0x0000000091800000, 0x0000000091800000, 0x0000000091900000|  0%| F|  |TAMS 0x0000000091800000, 0x0000000091800000| Untracked 
| 241|0x0000000091900000, 0x0000000091900000, 0x0000000091a00000|  0%| F|  |TAMS 0x0000000091900000, 0x0000000091900000| Untracked 
| 242|0x0000000091a00000, 0x0000000091a00000, 0x0000000091b00000|  0%| F|  |TAMS 0x0000000091a00000, 0x0000000091a00000| Untracked 
| 243|0x0000000091b00000, 0x0000000091b00000, 0x0000000091c00000|  0%| F|  |TAMS 0x0000000091b00000, 0x0000000091b00000| Untracked 
| 244|0x0000000091c00000, 0x0000000091c00000, 0x0000000091d00000|  0%| F|  |TAMS 0x0000000091c00000, 0x0000000091c00000| Untracked 
| 245|0x0000000091d00000, 0x0000000091d00000, 0x0000000091e00000|  0%| F|  |TAMS 0x0000000091d00000, 0x0000000091d00000| Untracked 
| 246|0x0000000091e00000, 0x0000000091e00000, 0x0000000091f00000|  0%| F|  |TAMS 0x0000000091e00000, 0x0000000091e00000| Untracked 
| 247|0x0000000091f00000, 0x0000000091f00000, 0x0000000092000000|  0%| F|  |TAMS 0x0000000091f00000, 0x0000000091f00000| Untracked 
| 248|0x0000000092000000, 0x0000000092000000, 0x0000000092100000|  0%| F|  |TAMS 0x0000000092000000, 0x0000000092000000| Untracked 
| 249|0x0000000092100000, 0x0000000092100000, 0x0000000092200000|  0%| F|  |TAMS 0x0000000092100000, 0x0000000092100000| Untracked 
| 250|0x0000000092200000, 0x0000000092200000, 0x0000000092300000|  0%| F|  |TAMS 0x0000000092200000, 0x0000000092200000| Untracked 
| 251|0x0000000092300000, 0x0000000092300000, 0x0000000092400000|  0%| F|  |TAMS 0x0000000092300000, 0x0000000092300000| Untracked 
| 252|0x0000000092400000, 0x0000000092400000, 0x0000000092500000|  0%| F|  |TAMS 0x0000000092400000, 0x0000000092400000| Untracked 
| 253|0x0000000092500000, 0x0000000092500000, 0x0000000092600000|  0%| F|  |TAMS 0x0000000092500000, 0x0000000092500000| Untracked 
| 254|0x0000000092600000, 0x0000000092600000, 0x0000000092700000|  0%| F|  |TAMS 0x0000000092600000, 0x0000000092600000| Untracked 
| 255|0x0000000092700000, 0x0000000092700000, 0x0000000092800000|  0%| F|  |TAMS 0x0000000092700000, 0x0000000092700000| Untracked 
| 256|0x0000000092800000, 0x0000000092800000, 0x0000000092900000|  0%| F|  |TAMS 0x0000000092800000, 0x0000000092800000| Untracked 
| 257|0x0000000092900000, 0x0000000092900000, 0x0000000092a00000|  0%| F|  |TAMS 0x0000000092900000, 0x0000000092900000| Untracked 
| 258|0x0000000092a00000, 0x0000000092a00000, 0x0000000092b00000|  0%| F|  |TAMS 0x0000000092a00000, 0x0000000092a00000| Untracked 
| 259|0x0000000092b00000, 0x0000000092b00000, 0x0000000092c00000|  0%| F|  |TAMS 0x0000000092b00000, 0x0000000092b00000| Untracked 
| 260|0x0000000092c00000, 0x0000000092c00000, 0x0000000092d00000|  0%| F|  |TAMS 0x0000000092c00000, 0x0000000092c00000| Untracked 
| 261|0x0000000092d00000, 0x0000000092d00000, 0x0000000092e00000|  0%| F|  |TAMS 0x0000000092d00000, 0x0000000092d00000| Untracked 
| 262|0x0000000092e00000, 0x0000000092e00000, 0x0000000092f00000|  0%| F|  |TAMS 0x0000000092e00000, 0x0000000092e00000| Untracked 
| 263|0x0000000092f00000, 0x0000000092f00000, 0x0000000093000000|  0%| F|  |TAMS 0x0000000092f00000, 0x0000000092f00000| Untracked 
| 264|0x0000000093000000, 0x0000000093000000, 0x0000000093100000|  0%| F|  |TAMS 0x0000000093000000, 0x0000000093000000| Untracked 
| 265|0x0000000093100000, 0x0000000093100000, 0x0000000093200000|  0%| F|  |TAMS 0x0000000093100000, 0x0000000093100000| Untracked 
| 266|0x0000000093200000, 0x0000000093200000, 0x0000000093300000|  0%| F|  |TAMS 0x0000000093200000, 0x0000000093200000| Untracked 
| 267|0x0000000093300000, 0x0000000093400000, 0x0000000093400000|100%| S|CS|TAMS 0x0000000093300000, 0x0000000093300000| Complete 
| 268|0x0000000093400000, 0x0000000093500000, 0x0000000093500000|100%| S|CS|TAMS 0x0000000093400000, 0x0000000093400000| Complete 
| 269|0x0000000093500000, 0x0000000093600000, 0x0000000093600000|100%| S|CS|TAMS 0x0000000093500000, 0x0000000093500000| Complete 
| 270|0x0000000093600000, 0x0000000093600000, 0x0000000093700000|  0%| F|  |TAMS 0x0000000093600000, 0x0000000093600000| Untracked 
| 271|0x0000000093700000, 0x0000000093700000, 0x0000000093800000|  0%| F|  |TAMS 0x0000000093700000, 0x0000000093700000| Untracked 
| 272|0x0000000093800000, 0x0000000093800000, 0x0000000093900000|  0%| F|  |TAMS 0x0000000093800000, 0x0000000093800000| Untracked 
| 273|0x0000000093900000, 0x0000000093900000, 0x0000000093a00000|  0%| F|  |TAMS 0x0000000093900000, 0x0000000093900000| Untracked 
| 274|0x0000000093a00000, 0x0000000093a00000, 0x0000000093b00000|  0%| F|  |TAMS 0x0000000093a00000, 0x0000000093a00000| Untracked 
| 275|0x0000000093b00000, 0x0000000093b00000, 0x0000000093c00000|  0%| F|  |TAMS 0x0000000093b00000, 0x0000000093b00000| Untracked 
| 276|0x0000000093c00000, 0x0000000093c00000, 0x0000000093d00000|  0%| F|  |TAMS 0x0000000093c00000, 0x0000000093c00000| Untracked 
| 277|0x0000000093d00000, 0x0000000093d00000, 0x0000000093e00000|  0%| F|  |TAMS 0x0000000093d00000, 0x0000000093d00000| Untracked 
| 278|0x0000000093e00000, 0x0000000093e00000, 0x0000000093f00000|  0%| F|  |TAMS 0x0000000093e00000, 0x0000000093e00000| Untracked 
| 279|0x0000000093f00000, 0x0000000093f00000, 0x0000000094000000|  0%| F|  |TAMS 0x0000000093f00000, 0x0000000093f00000| Untracked 
| 280|0x0000000094000000, 0x0000000094000000, 0x0000000094100000|  0%| F|  |TAMS 0x0000000094000000, 0x0000000094000000| Untracked 
| 281|0x0000000094100000, 0x0000000094100000, 0x0000000094200000|  0%| F|  |TAMS 0x0000000094100000, 0x0000000094100000| Untracked 
| 282|0x0000000094200000, 0x0000000094200000, 0x0000000094300000|  0%| F|  |TAMS 0x0000000094200000, 0x0000000094200000| Untracked 
| 283|0x0000000094300000, 0x0000000094300000, 0x0000000094400000|  0%| F|  |TAMS 0x0000000094300000, 0x0000000094300000| Untracked 
| 284|0x0000000094400000, 0x0000000094400000, 0x0000000094500000|  0%| F|  |TAMS 0x0000000094400000, 0x0000000094400000| Untracked 

Card table byte_map: [0x000002273dae0000,0x000002273ded0000] _byte_map_base: 0x000002273d6cc000

Marking Bits (Prev, Next): (CMBitMap*) 0x0000022723e72138, (CMBitMap*) 0x0000022723e720f8
 Prev Bits: [0x0000022740220000, 0x0000022742180000)
 Next Bits: [0x000002273e2c0000, 0x0000022740220000)

Polling page: 0x0000022723f00000

Metaspace:

Usage:
  Non-class:      4.48 MB capacity,     1.19 MB ( 27%) used,     3.29 MB ( 73%) free+waste,     2.38 KB ( <1%) overhead. 
      Class:    477.00 KB capacity,   123.38 KB ( 26%) used,   351.99 KB ( 74%) free+waste,     1.63 KB ( <1%) overhead. 
       Both:      4.94 MB capacity,     1.31 MB ( 26%) used,     3.63 MB ( 73%) free+waste,     4.00 KB ( <1%) overhead. 

Virtual space:
  Non-class space:        8.00 MB reserved,       4.50 MB ( 56%) committed 
      Class space:        1.00 GB reserved,     512.00 KB ( <1%) committed 
             Both:        1.01 GB reserved,       5.00 MB ( <1%) committed 

Chunk freelists:
   Non-Class:  22.00 KB
       Class:  3.00 KB
        Both:  25.00 KB

MaxMetaspaceSize: 17179869184.00 GB
CompressedClassSpaceSize: 1.00 GB

CodeHeap 'non-profiled nmethods': size=120000Kb used=299Kb max_used=299Kb free=119700Kb
 bounds [0x00000227355f0000, 0x0000022735860000, 0x000002273cb20000]
CodeHeap 'profiled nmethods': size=120000Kb used=725Kb max_used=725Kb free=119274Kb
 bounds [0x000002272e0c0000, 0x000002272e330000, 0x00000227355f0000]
CodeHeap 'non-nmethods': size=5760Kb used=1142Kb max_used=1197Kb free=4617Kb
 bounds [0x000002272db20000, 0x000002272dd90000, 0x000002272e0c0000]
 total_blobs=1286 nmethods=442 adapters=295
 compilation: enabled
              stopped_count=0, restarted_count=0
 full_count=0

Compilation events (20 events):
Event: 2.615 Thread 0x0000022745997000  434       4       com.google.gson.JsonPrimitive::<init> (13 bytes)
Event: 2.615 Thread 0x00000227458ac800 nmethod 432 0x0000022735632590 code [0x0000022735632720, 0x0000022735632878]
Event: 2.615 Thread 0x00000227458ac800  437       4       java.util.AbstractList::<init> (10 bytes)
Event: 2.615 Thread 0x00000227458ac800 nmethod 437 0x0000022735632910 code [0x0000022735632aa0, 0x0000022735632b18]
Event: 2.615 Thread 0x00000227458ac800  436       4       java.util.ArrayList::<init> (12 bytes)
Event: 2.616 Thread 0x00000227458ac800 nmethod 436 0x0000022735632c10 code [0x0000022735632da0, 0x0000022735632ed8]
Event: 2.616 Thread 0x0000022745997000 nmethod 434 0x0000022735632f90 code [0x0000022735633120, 0x0000022735633278]
Event: 2.616 Thread 0x00000227458ac800  435       4       com.google.gson.JsonArray::<init> (16 bytes)
Event: 2.617 Thread 0x00000227458ac800 nmethod 435 0x0000022735633310 code [0x00000227356334a0, 0x0000022735633658]
Event: 2.618 Thread 0x00000227458ac800  438       4       java.lang.AbstractStringBuilder::checkRange (63 bytes)
Event: 2.619 Thread 0x00000227458ac800 nmethod 438 0x0000022735633710 code [0x00000227356338a0, 0x0000022735633938]
Event: 2.620 Thread 0x0000022744c67000 nmethod 429 0x0000022735633a10 code [0x0000022735633bc0, 0x0000022735634118]
Event: 2.622 Thread 0x0000022745997000  439 %     4       com.google.gson.internal.bind.TypeAdapters$29::read @ 132 (209 bytes)
Event: 2.631 Thread 0x0000022744c67000  440       4       java.lang.AbstractStringBuilder::isLatin1 (19 bytes)
Event: 2.631 Thread 0x0000022744c67000 nmethod 440 0x0000022735634390 code [0x0000022735634520, 0x0000022735634598]
Event: 2.633 Thread 0x0000022745997000 nmethod 439% 0x0000022735634690 code [0x0000022735634880, 0x0000022735635110]
Event: 2.682 Thread 0x0000022744c67000  441       4       sun.nio.cs.StreamDecoder::implRead (243 bytes)
Event: 2.686 Thread 0x00000227458ac800  442   !   4       sun.nio.cs.StreamDecoder::read (196 bytes)
Event: 2.706 Thread 0x0000022744c67000 nmethod 441 0x0000022735635690 code [0x00000227356358e0, 0x0000022735636c78]
Event: 2.731 Thread 0x00000227458ac800 nmethod 442 0x0000022735637e90 code [0x00000227356380e0, 0x0000022735639ab8]

GC Heap History (20 events):
Event: 2.226 GC heap after
{Heap after GC invocations=3 (full 0):
 garbage-first heap   total 129024K, used 41472K [0x0000000082800000, 0x0000000100000000)
  region size 1024K, 1 young (1024K), 1 survivors (1024K)
 Metaspace       used 1339K, capacity 5063K, committed 5120K, reserved 1056768K
  class space    used 123K, capacity 477K, committed 512K, reserved 1048576K
}
Event: 2.233 GC heap before
{Heap before GC invocations=3 (full 0):
 garbage-first heap   total 129024K, used 46592K [0x0000000082800000, 0x0000000100000000)
  region size 1024K, 6 young (6144K), 1 survivors (1024K)
 Metaspace       used 1339K, capacity 5063K, committed 5120K, reserved 1056768K
  class space    used 123K, capacity 477K, committed 512K, reserved 1048576K
}
Event: 2.241 GC heap after
{Heap after GC invocations=4 (full 0):
 garbage-first heap   total 129024K, used 47092K [0x0000000082800000, 0x0000000100000000)
  region size 1024K, 1 young (1024K), 1 survivors (1024K)
 Metaspace       used 1339K, capacity 5063K, committed 5120K, reserved 1056768K
  class space    used 123K, capacity 477K, committed 512K, reserved 1048576K
}
Event: 2.247 GC heap before
{Heap before GC invocations=4 (full 0):
 garbage-first heap   total 129024K, used 52212K [0x0000000082800000, 0x0000000100000000)
  region size 1024K, 6 young (6144K), 1 survivors (1024K)
 Metaspace       used 1339K, capacity 5063K, committed 5120K, reserved 1056768K
  class space    used 123K, capacity 477K, committed 512K, reserved 1048576K
}
Event: 2.265 GC heap after
{Heap after GC invocations=5 (full 0):
 garbage-first heap   total 155648K, used 52603K [0x0000000082800000, 0x0000000100000000)
  region size 1024K, 1 young (1024K), 1 survivors (1024K)
 Metaspace       used 1339K, capacity 5063K, committed 5120K, reserved 1056768K
  class space    used 123K, capacity 477K, committed 512K, reserved 1048576K
}
Event: 2.292 GC heap before
{Heap before GC invocations=5 (full 0):
 garbage-first heap   total 155648K, used 68987K [0x0000000082800000, 0x0000000100000000)
  region size 1024K, 17 young (17408K), 1 survivors (1024K)
 Metaspace       used 1339K, capacity 5063K, committed 5120K, reserved 1056768K
  class space    used 123K, capacity 477K, committed 512K, reserved 1048576K
}
Event: 2.313 GC heap after
{Heap after GC invocations=6 (full 0):
 garbage-first heap   total 155648K, used 69628K [0x0000000082800000, 0x0000000100000000)
  region size 1024K, 3 young (3072K), 3 survivors (3072K)
 Metaspace       used 1339K, capacity 5063K, committed 5120K, reserved 1056768K
  class space    used 123K, capacity 477K, committed 512K, reserved 1048576K
}
Event: 2.343 GC heap before
{Heap before GC invocations=6 (full 0):
 garbage-first heap   total 155648K, used 91132K [0x0000000082800000, 0x0000000100000000)
  region size 1024K, 24 young (24576K), 3 survivors (3072K)
 Metaspace       used 1339K, capacity 5063K, committed 5120K, reserved 1056768K
  class space    used 123K, capacity 477K, committed 512K, reserved 1048576K
}
Event: 2.373 GC heap after
{Heap after GC invocations=7 (full 0):
 garbage-first heap   total 155648K, used 91648K [0x0000000082800000, 0x0000000100000000)
  region size 1024K, 3 young (3072K), 3 survivors (3072K)
 Metaspace       used 1339K, capacity 5063K, committed 5120K, reserved 1056768K
  class space    used 123K, capacity 477K, committed 512K, reserved 1048576K
}
Event: 2.400 GC heap before
{Heap before GC invocations=7 (full 0):
 garbage-first heap   total 155648K, used 104960K [0x0000000082800000, 0x0000000100000000)
  region size 1024K, 17 young (17408K), 3 survivors (3072K)
 Metaspace       used 1339K, capacity 5063K, committed 5120K, reserved 1056768K
  class space    used 123K, capacity 477K, committed 512K, reserved 1048576K
}
Event: 2.418 GC heap after
{Heap after GC invocations=8 (full 0):
 garbage-first heap   total 155648K, used 106496K [0x0000000082800000, 0x0000000100000000)
  region size 1024K, 3 young (3072K), 3 survivors (3072K)
 Metaspace       used 1339K, capacity 5063K, committed 5120K, reserved 1056768K
  class space    used 123K, capacity 477K, committed 512K, reserved 1048576K
}
Event: 2.434 GC heap before
{Heap before GC invocations=8 (full 0):
 garbage-first heap   total 155648K, used 116736K [0x0000000082800000, 0x0000000100000000)
  region size 1024K, 13 young (13312K), 3 survivors (3072K)
 Metaspace       used 1339K, capacity 5063K, committed 5120K, reserved 1056768K
  class space    used 123K, capacity 477K, committed 512K, reserved 1048576K
}
Event: 2.468 GC heap after
{Heap after GC invocations=9 (full 0):
 garbage-first heap   total 273408K, used 117760K [0x0000000082800000, 0x0000000100000000)
  region size 1024K, 2 young (2048K), 2 survivors (2048K)
 Metaspace       used 1339K, capacity 5063K, committed 5120K, reserved 1056768K
  class space    used 123K, capacity 477K, committed 512K, reserved 1048576K
}
Event: 2.563 GC heap before
{Heap before GC invocations=9 (full 0):
 garbage-first heap   total 273408K, used 157696K [0x0000000082800000, 0x0000000100000000)
  region size 1024K, 41 young (41984K), 2 survivors (2048K)
 Metaspace       used 1339K, capacity 5063K, committed 5120K, reserved 1056768K
  class space    used 123K, capacity 477K, committed 512K, reserved 1048576K
}
Event: 2.593 GC heap after
{Heap after GC invocations=10 (full 0):
 garbage-first heap   total 273408K, used 158095K [0x0000000082800000, 0x0000000100000000)
  region size 1024K, 6 young (6144K), 6 survivors (6144K)
 Metaspace       used 1339K, capacity 5063K, committed 5120K, reserved 1056768K
  class space    used 123K, capacity 477K, committed 512K, reserved 1048576K
}
Event: 2.651 GC heap before
{Heap before GC invocations=10 (full 0):
 garbage-first heap   total 291840K, used 184719K [0x0000000082800000, 0x0000000100000000)
  region size 1024K, 32 young (32768K), 6 survivors (6144K)
 Metaspace       used 1339K, capacity 5063K, committed 5120K, reserved 1056768K
  class space    used 123K, capacity 477K, committed 512K, reserved 1048576K
}
Event: 2.674 GC heap after
{Heap after GC invocations=11 (full 0):
 garbage-first heap   total 291840K, used 186880K [0x0000000082800000, 0x0000000100000000)
  region size 1024K, 4 young (4096K), 4 survivors (4096K)
 Metaspace       used 1339K, capacity 5063K, committed 5120K, reserved 1056768K
  class space    used 123K, capacity 477K, committed 512K, reserved 1048576K
}
Event: 2.710 GC heap before
{Heap before GC invocations=11 (full 0):
 garbage-first heap   total 291840K, used 209408K [0x0000000082800000, 0x0000000100000000)
  region size 1024K, 26 young (26624K), 4 survivors (4096K)
 Metaspace       used 1339K, capacity 5063K, committed 5120K, reserved 1056768K
  class space    used 123K, capacity 477K, committed 512K, reserved 1048576K
}
Event: 2.729 GC heap after
{Heap after GC invocations=12 (full 0):
 garbage-first heap   total 291840K, used 210944K [0x0000000082800000, 0x0000000100000000)
  region size 1024K, 4 young (4096K), 4 survivors (4096K)
 Metaspace       used 1339K, capacity 5063K, committed 5120K, reserved 1056768K
  class space    used 123K, capacity 477K, committed 512K, reserved 1048576K
}
Event: 2.765 GC heap before
{Heap before GC invocations=12 (full 0):
 garbage-first heap   total 291840K, used 227328K [0x0000000082800000, 0x0000000100000000)
  region size 1024K, 19 young (19456K), 4 survivors (4096K)
 Metaspace       used 1339K, capacity 5063K, committed 5120K, reserved 1056768K
  class space    used 123K, capacity 477K, committed 512K, reserved 1048576K
}

Deoptimization events (20 events):
Event: 2.113 Thread 0x0000022723e2e000 DEOPT PACKING pc=0x000002272e1582c7 sp=0x00000034d8dfe4f0
Event: 2.113 Thread 0x0000022723e2e000 DEOPT UNPACKING pc=0x000002272db6964e sp=0x00000034d8dfda50 mode 0
Event: 2.113 Thread 0x0000022723e2e000 DEOPT PACKING pc=0x000002272e1582c7 sp=0x00000034d8dfe570
Event: 2.113 Thread 0x0000022723e2e000 DEOPT UNPACKING pc=0x000002272db6964e sp=0x00000034d8dfdad0 mode 0
Event: 2.114 Thread 0x0000022723e2e000 DEOPT PACKING pc=0x000002272e1582c7 sp=0x00000034d8dfe610
Event: 2.114 Thread 0x0000022723e2e000 DEOPT UNPACKING pc=0x000002272db6964e sp=0x00000034d8dfdb70 mode 0
Event: 2.114 Thread 0x0000022723e2e000 DEOPT PACKING pc=0x000002272e1582c7 sp=0x00000034d8dfe570
Event: 2.114 Thread 0x0000022723e2e000 DEOPT UNPACKING pc=0x000002272db6964e sp=0x00000034d8dfdad0 mode 0
Event: 2.114 Thread 0x0000022723e2e000 DEOPT PACKING pc=0x000002272e1582c7 sp=0x00000034d8dfe4f0
Event: 2.114 Thread 0x0000022723e2e000 DEOPT UNPACKING pc=0x000002272db6964e sp=0x00000034d8dfda50 mode 0
Event: 2.493 Thread 0x0000022723e2e000 Uncommon trap: trap_request=0xffffff45 fr.pc=0x000002273561db00 relative=0x0000000000001280
Event: 2.493 Thread 0x0000022723e2e000 Uncommon trap: reason=unstable_if action=reinterpret pc=0x000002273561db00 method=sun.nio.cs.StreamDecoder.implRead([CII)I @ 87 c2
Event: 2.493 Thread 0x0000022723e2e000 DEOPT PACKING pc=0x000002273561db00 sp=0x00000034d8dfea20
Event: 2.493 Thread 0x0000022723e2e000 DEOPT UNPACKING pc=0x000002272db6912f sp=0x00000034d8dfe930 mode 2
Event: 2.493 Thread 0x0000022723e2e000 Uncommon trap: trap_request=0xffffff45 fr.pc=0x0000022735620848 relative=0x0000000000000ee8
Event: 2.493 Thread 0x0000022723e2e000 Uncommon trap: reason=unstable_if action=reinterpret pc=0x0000022735620848 method=sun.nio.cs.StreamDecoder.implRead([CII)I @ 98 c2
Event: 2.493 Thread 0x0000022723e2e000 DEOPT PACKING pc=0x0000022735620848 sp=0x00000034d8dfea40
Event: 2.493 Thread 0x0000022723e2e000 DEOPT UNPACKING pc=0x000002272db6912f sp=0x00000034d8dfea30 mode 2
Event: 2.686 Thread 0x0000022723e2e000 DEOPT PACKING pc=0x000002272e131271 sp=0x00000034d8dfee20
Event: 2.686 Thread 0x0000022723e2e000 DEOPT UNPACKING pc=0x000002272db6964e sp=0x00000034d8dfe370 mode 0

Classes unloaded (0 events):
No events

Classes redefined (0 events):
No events

Internal exceptions (1 events):
Event: 0.162 Thread 0x0000022723e2e000 Exception <a 'java/lang/NoSuchMethodError'{0x000000008a45a518}: 'int java.lang.invoke.DirectMethodHandle$Holder.invokeSpecialIFC(java.lang.Object, java.lang.Object, int)'> (0x000000008a45a518) 
thrown [t:/workspace/open/src/hotspot/share/interpreter/linkResolver.cpp, line 767]

Events (20 events):
Event: 2.265 Executing VM operation: G1CollectForAllocation done
Event: 2.292 Executing VM operation: G1CollectForAllocation
Event: 2.313 Executing VM operation: G1CollectForAllocation done
Event: 2.343 Executing VM operation: G1CollectForAllocation
Event: 2.373 Executing VM operation: G1CollectForAllocation done
Event: 2.400 Executing VM operation: G1CollectForAllocation
Event: 2.418 Executing VM operation: G1CollectForAllocation done
Event: 2.434 Executing VM operation: G1CollectForAllocation
Event: 2.468 Executing VM operation: G1CollectForAllocation done
Event: 2.493 Executing VM operation: RevokeBias
Event: 2.493 Executing VM operation: RevokeBias done
Event: 2.563 Executing VM operation: G1CollectForAllocation
Event: 2.593 Executing VM operation: G1CollectForAllocation done
Event: 2.624 Executing VM operation: G1Concurrent
Event: 2.625 Executing VM operation: G1Concurrent done
Event: 2.650 Executing VM operation: G1CollectForAllocation
Event: 2.674 Executing VM operation: G1CollectForAllocation done
Event: 2.710 Executing VM operation: G1CollectForAllocation
Event: 2.729 Executing VM operation: G1CollectForAllocation done
Event: 2.765 Executing VM operation: G1CollectForAllocation


Dynamic libraries:
0x00007ff77a580000 - 0x00007ff77a58f000 	C:\Program Files\Java\jdk-13.0.2\bin\javaw.exe
0x00007ffa12400000 - 0x00007ffa125ed000 	C:\windows\SYSTEM32\ntdll.dll
0x00007ffa0f620000 - 0x00007ffa0f6d3000 	C:\windows\System32\KERNEL32.DLL
0x00007ffa0f080000 - 0x00007ffa0f315000 	C:\windows\System32\KERNELBASE.dll
0x00007ffa0f520000 - 0x00007ffa0f61a000 	C:\windows\System32\ucrtbase.dll
0x00007ff9f6a00000 - 0x00007ff9f6a18000 	C:\Program Files\Java\jdk-13.0.2\bin\jli.dll
0x00007ff9eaf90000 - 0x00007ff9eafa5000 	C:\Program Files\Java\jdk-13.0.2\bin\VCRUNTIME140.dll
0x00007ffa11850000 - 0x00007ffa118f3000 	C:\windows\System32\ADVAPI32.dll
0x00007ffa0f7d0000 - 0x00007ffa0f86e000 	C:\windows\System32\msvcrt.dll
0x00007ffa0f8d0000 - 0x00007ffa0f96e000 	C:\windows\System32\sechost.dll
0x00007ffa11a00000 - 0x00007ffa11b22000 	C:\windows\System32\RPCRT4.dll
0x00007ffa11c00000 - 0x00007ffa11d97000 	C:\windows\System32\USER32.dll
0x00007ffa0f500000 - 0x00007ffa0f520000 	C:\windows\System32\win32u.dll
0x00007ffa119d0000 - 0x00007ffa119f9000 	C:\windows\System32\GDI32.dll
0x00007ff9f2f20000 - 0x00007ff9f3199000 	C:\windows\WinSxS\amd64_microsoft.windows.common-controls_6595b64144ccf1df_6.0.17763.1217_none_de6e4304534e0ad3\COMCTL32.dll
0x00007ffa0ec30000 - 0x00007ffa0edc9000 	C:\windows\System32\gdi32full.dll
0x00007ffa114b0000 - 0x00007ffa117dc000 	C:\windows\System32\combase.dll
0x00007ffa0ee30000 - 0x00007ffa0eed0000 	C:\windows\System32\msvcp_win.dll
0x00007ffa0f000000 - 0x00007ffa0f07e000 	C:\windows\System32\bcryptPrimitives.dll
0x00007ffa0a680000 - 0x00007ffa0a68a000 	C:\windows\SYSTEM32\VERSION.dll
0x00007ffa0ff80000 - 0x00007ffa0ffae000 	C:\windows\System32\IMM32.DLL
0x00007ff9df3d0000 - 0x00007ff9df46b000 	C:\Program Files\Java\jdk-13.0.2\bin\msvcp140.dll
0x00007ff99e590000 - 0x00007ff99f0ed000 	C:\Program Files\Java\jdk-13.0.2\bin\server\jvm.dll
0x00007ffa0f6f0000 - 0x00007ffa0f6f8000 	C:\windows\System32\PSAPI.DLL
0x00007ff9f2ce0000 - 0x00007ff9f2ce9000 	C:\windows\SYSTEM32\WSOCK32.dll
0x00007ffa09400000 - 0x00007ffa09424000 	C:\windows\SYSTEM32\WINMM.dll
0x00007ffa117e0000 - 0x00007ffa1184d000 	C:\windows\System32\WS2_32.dll
0x00007ffa093d0000 - 0x00007ffa093fd000 	C:\windows\SYSTEM32\winmmbase.dll
0x00007ffa0efb0000 - 0x00007ffa0effa000 	C:\windows\System32\cfgmgr32.dll
0x00007ffa0e3f0000 - 0x00007ffa0e401000 	C:\windows\System32\kernel.appcore.dll
0x00007ffa0b0e0000 - 0x00007ffa0b0f0000 	C:\Program Files\Java\jdk-13.0.2\bin\verify.dll
0x00007ffa00bd0000 - 0x00007ffa00dbd000 	C:\windows\SYSTEM32\DBGHELP.DLL
0x00007ff9fc4e0000 - 0x00007ff9fc50a000 	C:\windows\SYSTEM32\dbgcore.DLL
0x00007ff9eafe0000 - 0x00007ff9eb006000 	C:\Program Files\Java\jdk-13.0.2\bin\java.dll
0x00007ff9fed10000 - 0x00007ff9fed27000 	C:\Program Files\Java\jdk-13.0.2\bin\zip.dll
0x00007ffa0b080000 - 0x00007ffa0b08a000 	C:\Program Files\Java\jdk-13.0.2\bin\jimage.dll
0x00007ffa0ffb0000 - 0x00007ffa114a4000 	C:\windows\System32\SHELL32.dll
0x00007ffa0f970000 - 0x00007ffa0fa18000 	C:\windows\System32\shcore.dll
0x00007ffa0e4e0000 - 0x00007ffa0ec2e000 	C:\windows\System32\windows.storage.dll
0x00007ffa0e470000 - 0x00007ffa0e494000 	C:\windows\System32\profapi.dll
0x00007ffa0e410000 - 0x00007ffa0e46d000 	C:\windows\System32\powrprof.dll
0x00007ffa11960000 - 0x00007ffa119b2000 	C:\windows\System32\shlwapi.dll
0x00007ffa0e4c0000 - 0x00007ffa0e4d7000 	C:\windows\System32\cryptsp.dll
0x00007ff9fdac0000 - 0x00007ff9fdad9000 	C:\Program Files\Java\jdk-13.0.2\bin\net.dll
0x00007ff9fdf40000 - 0x00007ff9fe032000 	C:\windows\SYSTEM32\WINHTTP.dll
0x00007ffa0dc60000 - 0x00007ffa0dcc7000 	C:\windows\system32\mswsock.dll
0x00007ff9f9610000 - 0x00007ff9f9623000 	C:\Program Files\Java\jdk-13.0.2\bin\nio.dll

dbghelp: loaded successfully - version: 4.0.5 - missing functions: none
symbol engine: initialized successfully - sym options: 0x614 - pdb path: .;C:\Program Files\Java\jdk-13.0.2\bin;C:\windows\SYSTEM32;C:\windows\WinSxS\amd64_microsoft.windows.common-controls_6595b64144ccf1df_6.0.17763.1217_none_de6e4304534e0ad3;C:\Program Files\Java\jdk-13.0.2\bin\server

VM Arguments:
jvm_args: -Dfile.encoding=Cp1252 
java_command: main.Main
java_class_path (initial): C:\Users\Santiago\Desktop\Andes\Estructuras de Datos\Proyecto\Proyecto3_202010_sec4_team11\bin;C:\Users\Santiago\.p2\pool\plugins\org.junit_4.13.0.v20200204-1500.jar;C:\Users\Santiago\.p2\pool\plugins\org.hamcrest.core_1.3.0.v20180420-1519.jar;C:\Users\Santiago\Desktop\Andes\Estructuras de Datos\Proyecto\Proyecto3_202010_sec4_team11\lib\gson-2.8.6.jar;C:\Users\Santiago\Desktop\Andes\Estructuras de Datos\Proyecto\Proyecto3_202010_sec4_team11\lib\jxmaps-1.3.2.jar;C:\Users\Santiago\Desktop\Andes\Estructuras de Datos\Proyecto\Proyecto3_202010_sec4_team11\lib\jxmaps-win-1.3.2.jar;C:\Users\Santiago\Desktop\Andes\Estructuras de Datos\Proyecto\Proyecto3_202010_sec4_team11\lib\jxmapsdemo.jar
Launcher Type: SUN_STANDARD

[Global flags]
     intx CICompilerCount                          = 4                                         {product} {ergonomic}
     uint ConcGCThreads                            = 2                                         {product} {ergonomic}
     uint G1ConcRefinementThreads                  = 8                                         {product} {ergonomic}
   size_t G1HeapRegionSize                         = 1048576                                   {product} {ergonomic}
    uintx GCDrainStackTargetSize                   = 64                                        {product} {ergonomic}
   size_t InitialHeapSize                          = 132120576                                 {product} {ergonomic}
   size_t MarkStackSize                            = 4194304                                   {product} {ergonomic}
   size_t MaxHeapSize                              = 2105540608                                {product} {ergonomic}
   size_t MaxNewSize                               = 1262485504                                {product} {ergonomic}
   size_t MinHeapDeltaBytes                        = 1048576                                   {product} {ergonomic}
   size_t MinHeapSize                              = 8388608                                   {product} {ergonomic}
    uintx NonNMethodCodeHeapSize                   = 5839372                                {pd product} {ergonomic}
    uintx NonProfiledCodeHeapSize                  = 122909434                              {pd product} {ergonomic}
    uintx ProfiledCodeHeapSize                     = 122909434                              {pd product} {ergonomic}
    uintx ReservedCodeCacheSize                    = 251658240                              {pd product} {ergonomic}
     bool SegmentedCodeCache                       = true                                      {product} {ergonomic}
   size_t SoftMaxHeapSize                          = 2105540608                             {manageable} {ergonomic}
     bool UseCompressedClassPointers               = true                                 {lp64_product} {ergonomic}
     bool UseCompressedOops                        = true                                 {lp64_product} {ergonomic}
     bool UseG1GC                                  = true                                      {product} {ergonomic}
     bool UseLargePagesIndividualAllocation        = false                                  {pd product} {ergonomic}

Logging:
Log output configuration:
 #0: stdout all=warning uptime,level,tags
 #1: stderr all=off uptime,level,tags

Environment Variables:
CLASSPATH=C:\xpressmp\lib\xprm.jar;C:\xpressmp\lib\xprs.jar;C:\xpressmp\lib\xprb.jar
PATH=C:/Program Files/Java/jdk-13.0.2/bin/server;C:/Program Files/Java/jdk-13.0.2/bin;C:\Program Files (x86)\Common Files\Oracle\Java\javapath;C:\xpressmp\bin;C:\xpressmp\workbench;C:\Program Files\Python37\Scripts\;C:\Program Files\Python37\;C:\Program Files (x86)\Intel\Intel(R) Management Engine Components\iCLS\;C:\Program Files\Intel\Intel(R) Management Engine Components\iCLS\;C:\windows\system32;C:\windows;C:\windows\System32\Wbem;C:\windows\System32\WindowsPowerShell\v1.0\;C:\windows\System32\OpenSSH\;C:\Program Files (x86)\Intel\Intel(R) Management Engine Components\DAL;C:\Program Files\Intel\Intel(R) Management Engine Components\DAL;C:\Users\Santiago\AppData\Local\Microsoft\WindowsApps;C:\Program Files (x86)\Java\jdk1.8.0_112\bin;C:\Program Files (x86)\Java\jre1.8.0_112\bin;C:\Program Files\Git\cmd;;C:\Program Files (x86)\Java\jdk1.8.0_112\bin;C:\Program Files (x86)\Java\jre1.8.0_112\bin;;C:\Program Files (x86)\Java\jdk1.8.0_112\bin;C:\Program Files (x86)\Java\jre1.8.0_112\bin;C:\Program Files\Git LFS;C:\Users\Santiago\AppData\Local\Microsoft\WindowsApps;;C:\Users\Santiago\Desktop;
USERNAME=Santiago
OS=Windows_NT
PROCESSOR_IDENTIFIER=Intel64 Family 6 Model 142 Stepping 10, GenuineIntel



---------------  S Y S T E M  ---------------

OS: Windows 10 , 64 bit Build 17763 (10.0.17763.1158)

CPU:total 8 (initial active 8) (4 cores per cpu, 2 threads per core) family 6 model 142 stepping 10, cmov, cx8, fxsr, mmx, sse, sse2, sse3, ssse3, sse4.1, sse4.2, popcnt, avx, avx2, aes, clmul, erms, 3dnowpref, lzcnt, ht, tsc, tscinvbit, bmi1, bmi2, adx, fma

Memory: 4k page, system-wide physical 8026M (674M free)
TotalPageFile size 32403M (AvailPageFile size 305M)
current process WorkingSet (physical memory assigned to process): 336M, peak: 336M
current process commit charge ("private bytes"): 406M, peak: 938M

vm_info: Java HotSpot(TM) 64-Bit Server VM (13.0.2+8) for windows-amd64 JRE (13.0.2+8), built on Dec 11 2019 09:20:33 by "mach5one" with unknown MS VC++:1916

END.
