#
# There is insufficient memory for the Java Runtime Environment to continue.
# Native memory allocation (mmap) failed to map 557842432 bytes for Failed to commit area from 0x00000000a3400000 to 0x00000000c4800000 of length 557842432.
# Possible reasons:
#   The system is out of physical RAM or swap space
#   The process is running with CompressedOops enabled, and the Java Heap may be blocking the growth of the native heap
# Possible solutions:
#   Reduce memory load on the system
#   Increase physical memory or swap space
#   Check if swap backing store is full
#   Decrease Java heap size (-Xmx/-Xms)
#   Decrease number of Java threads
#   Decrease Java thread stack sizes (-Xss)
#   Set larger code cache with -XX:ReservedCodeCacheSize=
#   JVM is running with Unscaled Compressed Oops mode in which the Java heap is
#     placed in the first 4GB address space. The Java Heap base address is the
#     maximum limit for the native heap growth. Please use -XX:HeapBaseMinAddress
#     to set the Java Heap base and to place the Java Heap above 4GB virtual address.
# This output file may be truncated or incomplete.
#
#  Out of Memory Error (t:/workspace/open/src/hotspot/os/windows/os_windows.cpp:3301), pid=10684, tid=2560
#
# JRE version: Java(TM) SE Runtime Environment (13.0.2+8) (build 13.0.2+8)
# Java VM: Java HotSpot(TM) 64-Bit Server VM (13.0.2+8, mixed mode, sharing, tiered, compressed oops, g1 gc, windows-amd64)
# No core dump will be written. Minidumps are not enabled by default on client versions of Windows
#

---------------  S U M M A R Y ------------

Command Line: -Xmx1750m -Dfile.encoding=Cp1252 main.Main

Host: Intel(R) Core(TM) i5-8250U CPU @ 1.60GHz, 8 cores, 7G,  Windows 10 , 64 bit Build 17763 (10.0.17763.1158)
Time: Fri May 15 12:57:03 2020 Hora est. Pacífico, Sudamérica elapsed time: 8 seconds (0d 0h 0m 8s)

---------------  T H R E A D  ---------------

Current thread (0x000001bd71ff4000):  VMThread "VM Thread" [stack: 0x00000097b6b00000,0x00000097b6c00000] [id=2560]

Stack: [0x00000097b6b00000,0x00000097b6c00000]
[error occurred during error reporting (printing stack bounds), id 0xc0000005, EXCEPTION_ACCESS_VIOLATION (0xc0000005) at pc=0x000001bd5b8810ad]

Native frames: (J=compiled Java code, j=interpreted, Vv=VM code, C=native code)
V  [jvm.dll+0x624f9a]
V  [jvm.dll+0x770cfa]
V  [jvm.dll+0x7724af]
V  [jvm.dll+0x772a15]
V  [jvm.dll+0x7729cb]
V  [jvm.dll+0x6244df]
C  [ntdll.dll+0x66b26]
C  [ntdll.dll+0x4849]
C  [ntdll.dll+0xa350e]
C  0x000001bd5b8810ad

VM_Operation (0x00000097b65fd450): G1CollectForAllocation, mode: safepoint, requested by thread 0x000001bd51b9f800


---------------  P R O C E S S  ---------------

Threads class SMR info:
_java_thread_list=0x000001bd74cced80, length=11, elements={
0x000001bd51b9f800, 0x000001bd71ff9800, 0x000001bd71ffd800, 0x000001bd72016000,
0x000001bd7201b000, 0x000001bd7201d800, 0x000001bd72021000, 0x000001bd7202c800,
0x000001bd72a9a000, 0x000001bd72a97000, 0x000001bd72c43000
}

Java Threads: ( => current thread )
  0x000001bd51b9f800 JavaThread "main" [_thread_blocked, id=19800, stack(0x00000097b6500000,0x00000097b6600000)]
  0x000001bd71ff9800 JavaThread "Reference Handler" daemon [_thread_blocked, id=5448, stack(0x00000097b6c00000,0x00000097b6d00000)]
  0x000001bd71ffd800 JavaThread "Finalizer" daemon [_thread_blocked, id=15184, stack(0x00000097b6d00000,0x00000097b6e00000)]
  0x000001bd72016000 JavaThread "Signal Dispatcher" daemon [_thread_blocked, id=19428, stack(0x00000097b6e00000,0x00000097b6f00000)]
  0x000001bd7201b000 JavaThread "Attach Listener" daemon [_thread_blocked, id=17080, stack(0x00000097b6f00000,0x00000097b7000000)]
  0x000001bd7201d800 JavaThread "C2 CompilerThread0" daemon [_thread_blocked, id=14352, stack(0x00000097b7000000,0x00000097b7100000)]
  0x000001bd72021000 JavaThread "C1 CompilerThread0" daemon [_thread_blocked, id=8296, stack(0x00000097b7100000,0x00000097b7200000)]
  0x000001bd7202c800 JavaThread "Sweeper thread" daemon [_thread_blocked, id=15720, stack(0x00000097b7200000,0x00000097b7300000)]
  0x000001bd72a9a000 JavaThread "Service Thread" daemon [_thread_blocked, id=10244, stack(0x00000097b7300000,0x00000097b7400000)]
  0x000001bd72a97000 JavaThread "Common-Cleaner" daemon [_thread_blocked, id=1340, stack(0x00000097b7500000,0x00000097b7600000)]
  0x000001bd72c43000 JavaThread "C2 CompilerThread1" daemon [_thread_blocked, id=4676, stack(0x00000097b7600000,0x00000097b7700000)]

Other Threads:
=>0x000001bd71ff4000 VMThread "VM Thread" [stack: 0x00000097b6b00000,0x00000097b6c00000] [id=2560]
  0x000001bd72a91000 WatcherThread [stack: 0x00000097b7400000,0x00000097b7500000] [id=18520]
  0x000001bd51bde000 GCTaskThread "GC Thread#0" [stack: 0x00000097b6600000,0x00000097b6700000] [id=2616]
  0x000001bd737e3800 GCTaskThread "GC Thread#1" [stack: 0x00000097b7800000,0x00000097b7900000] [id=17544]
  0x000001bd7350e800 GCTaskThread "GC Thread#2" [stack: 0x00000097b7900000,0x00000097b7a00000] [id=16032]
  0x000001bd74ae4000 GCTaskThread "GC Thread#3" [stack: 0x00000097b8000000,0x00000097b8100000] [id=7264]
  0x000001bd73862800 GCTaskThread "GC Thread#4" [stack: 0x00000097b8100000,0x00000097b8200000] [id=3972]
  0x000001bd737db000 GCTaskThread "GC Thread#5" [stack: 0x00000097b8200000,0x00000097b8300000] [id=2880]
  0x000001bd51bed000 ConcurrentGCThread "G1 Main Marker" [stack: 0x00000097b6700000,0x00000097b6800000] [id=7420]
  0x000001bd51bf1000 ConcurrentGCThread "G1 Conc#0" [stack: 0x00000097b6800000,0x00000097b6900000] [id=15436]
  0x000001bd75139800 ConcurrentGCThread "G1 Conc#1" [stack: 0x00000097b7f00000,0x00000097b8000000] [id=19316]
  0x000001bd71e72800 ConcurrentGCThread "G1 Refine#0" [stack: 0x00000097b6900000,0x00000097b6a00000] [id=12988]
  0x000001bd73016800 ConcurrentGCThread "G1 Refine#1" [stack: 0x00000097b7a00000,0x00000097b7b00000] [id=1228]
  0x000001bd7335e800 ConcurrentGCThread "G1 Refine#2" [stack: 0x00000097b7b00000,0x00000097b7c00000] [id=20064]
  0x000001bd7335f000 ConcurrentGCThread "G1 Refine#3" [stack: 0x00000097b7c00000,0x00000097b7d00000] [id=17388]
  0x000001bd73882800 ConcurrentGCThread "G1 Refine#4" [stack: 0x00000097b7d00000,0x00000097b7e00000] [id=6828]
  0x000001bd73883800 ConcurrentGCThread "G1 Refine#5" [stack: 0x00000097b7e00000,0x00000097b7f00000] [id=13072]
  0x000001bd72dfa000 ConcurrentGCThread "G1 Refine#6" [stack: 0x00000097b8300000,0x00000097b8400000] [id=11752]
  0x000001bd71e73000 ConcurrentGCThread "G1 Young RemSet Sampling" [stack: 0x00000097b6a00000,0x00000097b6b00000] [id=14300]

Threads with active compile tasks:

VM state:at safepoint (normal execution)

VM Mutex/Monitor currently owned by a thread:  ([mutex/lock_event])
[0x000001bd51b9af50] Threads_lock - owner thread: 0x000001bd71ff4000
[0x000001bd51b9bcd0] Heap_lock - owner thread: 0x000001bd51b9f800

Heap address: 0x0000000092a00000, size: 1750 MB, Compressed Oops mode: 32-bit
Narrow klass base: 0x0000000800000000, Narrow klass shift: 3
Compressed class space size: 1073741824 Address: 0x0000000800b40000

Heap:
 garbage-first heap   total 817152K, used 221184K [0x0000000092a00000, 0x0000000100000000)
  region size 1024K, 2 young (2048K), 2 survivors (2048K)
 Metaspace       used 1340K, capacity 5063K, committed 5120K, reserved 1056768K
  class space    used 123K, capacity 477K, committed 512K, reserved 1048576K
Heap Regions: E=young(eden), S=young(survivor), O=old, HS=humongous(starts), HC=humongous(continues), CS=collection set, F=free, A=archive, TAMS=top-at-mark-start (previous, next)
|   0|0x0000000092a00000, 0x0000000092b00000, 0x0000000092b00000|100%| O|  |TAMS 0x0000000092b00000, 0x0000000092b00000| Untracked 
|   1|0x0000000092b00000, 0x0000000092c00000, 0x0000000092c00000|100%| O|  |TAMS 0x0000000092c00000, 0x0000000092c00000| Untracked 
|   2|0x0000000092c00000, 0x0000000092d00000, 0x0000000092d00000|100%| O|  |TAMS 0x0000000092d00000, 0x0000000092d00000| Untracked 
|   3|0x0000000092d00000, 0x0000000092e00000, 0x0000000092e00000|100%| O|  |TAMS 0x0000000092e00000, 0x0000000092e00000| Untracked 
|   4|0x0000000092e00000, 0x0000000092f00000, 0x0000000092f00000|100%| O|  |TAMS 0x0000000092f00000, 0x0000000092f00000| Untracked 
|   5|0x0000000092f00000, 0x0000000093000000, 0x0000000093000000|100%| O|  |TAMS 0x0000000093000000, 0x0000000093000000| Untracked 
|   6|0x0000000093000000, 0x0000000093100000, 0x0000000093100000|100%| O|  |TAMS 0x0000000093100000, 0x0000000093100000| Untracked 
|   7|0x0000000093100000, 0x0000000093200000, 0x0000000093200000|100%| O|  |TAMS 0x0000000093200000, 0x0000000093200000| Untracked 
|   8|0x0000000093200000, 0x0000000093300000, 0x0000000093300000|100%| O|  |TAMS 0x0000000093300000, 0x0000000093300000| Untracked 
|   9|0x0000000093300000, 0x0000000093400000, 0x0000000093400000|100%| O|  |TAMS 0x0000000093400000, 0x0000000093400000| Untracked 
|  10|0x0000000093400000, 0x0000000093500000, 0x0000000093500000|100%| O|  |TAMS 0x0000000093500000, 0x0000000093500000| Untracked 
|  11|0x0000000093500000, 0x0000000093600000, 0x0000000093600000|100%| O|  |TAMS 0x0000000093600000, 0x0000000093600000| Untracked 
|  12|0x0000000093600000, 0x0000000093700000, 0x0000000093700000|100%| O|  |TAMS 0x0000000093700000, 0x0000000093700000| Untracked 
|  13|0x0000000093700000, 0x0000000093800000, 0x0000000093800000|100%| O|  |TAMS 0x0000000093800000, 0x0000000093800000| Untracked 
|  14|0x0000000093800000, 0x0000000093900000, 0x0000000093900000|100%| O|  |TAMS 0x0000000093900000, 0x0000000093900000| Untracked 
|  15|0x0000000093900000, 0x0000000093a00000, 0x0000000093a00000|100%| O|  |TAMS 0x0000000093a00000, 0x0000000093a00000| Untracked 
|  16|0x0000000093a00000, 0x0000000093b00000, 0x0000000093b00000|100%| O|  |TAMS 0x0000000093b00000, 0x0000000093b00000| Untracked 
|  17|0x0000000093b00000, 0x0000000093c00000, 0x0000000093c00000|100%| O|  |TAMS 0x0000000093c00000, 0x0000000093c00000| Untracked 
|  18|0x0000000093c00000, 0x0000000093d00000, 0x0000000093d00000|100%| O|  |TAMS 0x0000000093d00000, 0x0000000093d00000| Untracked 
|  19|0x0000000093d00000, 0x0000000093e00000, 0x0000000093e00000|100%| O|  |TAMS 0x0000000093e00000, 0x0000000093e00000| Untracked 
|  20|0x0000000093e00000, 0x0000000093f00000, 0x0000000093f00000|100%| O|  |TAMS 0x0000000093f00000, 0x0000000093f00000| Untracked 
|  21|0x0000000093f00000, 0x0000000094000000, 0x0000000094000000|100%| O|  |TAMS 0x0000000094000000, 0x0000000094000000| Untracked 
|  22|0x0000000094000000, 0x0000000094100000, 0x0000000094100000|100%| O|  |TAMS 0x0000000094100000, 0x0000000094100000| Untracked 
|  23|0x0000000094100000, 0x0000000094200000, 0x0000000094200000|100%| O|  |TAMS 0x0000000094200000, 0x0000000094200000| Untracked 
|  24|0x0000000094200000, 0x0000000094300000, 0x0000000094300000|100%| O|  |TAMS 0x0000000094300000, 0x0000000094300000| Untracked 
|  25|0x0000000094300000, 0x0000000094400000, 0x0000000094400000|100%| O|  |TAMS 0x0000000094400000, 0x0000000094400000| Untracked 
|  26|0x0000000094400000, 0x0000000094500000, 0x0000000094500000|100%| O|  |TAMS 0x0000000094500000, 0x0000000094500000| Untracked 
|  27|0x0000000094500000, 0x0000000094600000, 0x0000000094600000|100%| O|  |TAMS 0x0000000094600000, 0x0000000094600000| Untracked 
|  28|0x0000000094600000, 0x0000000094700000, 0x0000000094700000|100%| O|  |TAMS 0x0000000094700000, 0x0000000094700000| Untracked 
|  29|0x0000000094700000, 0x0000000094800000, 0x0000000094800000|100%| O|  |TAMS 0x0000000094800000, 0x0000000094800000| Untracked 
|  30|0x0000000094800000, 0x0000000094900000, 0x0000000094900000|100%| O|  |TAMS 0x0000000094900000, 0x0000000094900000| Untracked 
|  31|0x0000000094900000, 0x0000000094a00000, 0x0000000094a00000|100%| O|  |TAMS 0x0000000094a00000, 0x0000000094a00000| Untracked 
|  32|0x0000000094a00000, 0x0000000094b00000, 0x0000000094b00000|100%| O|  |TAMS 0x0000000094b00000, 0x0000000094b00000| Untracked 
|  33|0x0000000094b00000, 0x0000000094c00000, 0x0000000094c00000|100%| O|  |TAMS 0x0000000094c00000, 0x0000000094c00000| Untracked 
|  34|0x0000000094c00000, 0x0000000094d00000, 0x0000000094d00000|100%| O|  |TAMS 0x0000000094d00000, 0x0000000094d00000| Untracked 
|  35|0x0000000094d00000, 0x0000000094e00000, 0x0000000094e00000|100%| O|  |TAMS 0x0000000094e00000, 0x0000000094e00000| Untracked 
|  36|0x0000000094e00000, 0x0000000094f00000, 0x0000000094f00000|100%| O|  |TAMS 0x0000000094f00000, 0x0000000094f00000| Untracked 
|  37|0x0000000094f00000, 0x0000000095000000, 0x0000000095000000|100%| O|  |TAMS 0x0000000095000000, 0x0000000095000000| Untracked 
|  38|0x0000000095000000, 0x0000000095100000, 0x0000000095100000|100%| O|  |TAMS 0x0000000095100000, 0x0000000095100000| Untracked 
|  39|0x0000000095100000, 0x0000000095200000, 0x0000000095200000|100%| O|  |TAMS 0x0000000095200000, 0x0000000095200000| Untracked 
|  40|0x0000000095200000, 0x0000000095300000, 0x0000000095300000|100%| O|  |TAMS 0x0000000095300000, 0x0000000095300000| Untracked 
|  41|0x0000000095300000, 0x0000000095400000, 0x0000000095400000|100%| O|  |TAMS 0x0000000095400000, 0x0000000095400000| Untracked 
|  42|0x0000000095400000, 0x0000000095500000, 0x0000000095500000|100%| O|  |TAMS 0x0000000095500000, 0x0000000095500000| Untracked 
|  43|0x0000000095500000, 0x0000000095600000, 0x0000000095600000|100%| O|  |TAMS 0x0000000095600000, 0x0000000095600000| Untracked 
|  44|0x0000000095600000, 0x0000000095700000, 0x0000000095700000|100%| O|  |TAMS 0x0000000095700000, 0x0000000095700000| Untracked 
|  45|0x0000000095700000, 0x0000000095800000, 0x0000000095800000|100%| O|  |TAMS 0x0000000095800000, 0x0000000095800000| Untracked 
|  46|0x0000000095800000, 0x0000000095900000, 0x0000000095900000|100%| O|  |TAMS 0x0000000095900000, 0x0000000095900000| Untracked 
|  47|0x0000000095900000, 0x0000000095a00000, 0x0000000095a00000|100%| O|  |TAMS 0x0000000095a00000, 0x0000000095a00000| Untracked 
|  48|0x0000000095a00000, 0x0000000095b00000, 0x0000000095b00000|100%| O|  |TAMS 0x0000000095b00000, 0x0000000095b00000| Untracked 
|  49|0x0000000095b00000, 0x0000000095c00000, 0x0000000095c00000|100%| O|  |TAMS 0x0000000095c00000, 0x0000000095c00000| Untracked 
|  50|0x0000000095c00000, 0x0000000095d00000, 0x0000000095d00000|100%| O|  |TAMS 0x0000000095d00000, 0x0000000095d00000| Untracked 
|  51|0x0000000095d00000, 0x0000000095e00000, 0x0000000095e00000|100%| O|  |TAMS 0x0000000095e00000, 0x0000000095e00000| Untracked 
|  52|0x0000000095e00000, 0x0000000095f00000, 0x0000000095f00000|100%| O|  |TAMS 0x0000000095f00000, 0x0000000095f00000| Untracked 
|  53|0x0000000095f00000, 0x0000000096000000, 0x0000000096000000|100%| O|  |TAMS 0x0000000096000000, 0x0000000096000000| Untracked 
|  54|0x0000000096000000, 0x0000000096100000, 0x0000000096100000|100%| O|  |TAMS 0x0000000096100000, 0x0000000096100000| Untracked 
|  55|0x0000000096100000, 0x0000000096200000, 0x0000000096200000|100%| O|  |TAMS 0x0000000096200000, 0x0000000096200000| Untracked 
|  56|0x0000000096200000, 0x0000000096300000, 0x0000000096300000|100%| O|  |TAMS 0x0000000096300000, 0x0000000096300000| Untracked 
|  57|0x0000000096300000, 0x0000000096400000, 0x0000000096400000|100%| O|  |TAMS 0x0000000096400000, 0x0000000096400000| Untracked 
|  58|0x0000000096400000, 0x0000000096500000, 0x0000000096500000|100%| O|  |TAMS 0x0000000096500000, 0x0000000096500000| Untracked 
|  59|0x0000000096500000, 0x0000000096600000, 0x0000000096600000|100%| O|  |TAMS 0x0000000096600000, 0x0000000096600000| Untracked 
|  60|0x0000000096600000, 0x0000000096700000, 0x0000000096700000|100%| O|  |TAMS 0x0000000096700000, 0x0000000096700000| Untracked 
|  61|0x0000000096700000, 0x0000000096800000, 0x0000000096800000|100%| O|  |TAMS 0x0000000096800000, 0x0000000096800000| Untracked 
|  62|0x0000000096800000, 0x0000000096900000, 0x0000000096900000|100%| O|  |TAMS 0x0000000096900000, 0x0000000096900000| Untracked 
|  63|0x0000000096900000, 0x0000000096a00000, 0x0000000096a00000|100%| O|  |TAMS 0x0000000096a00000, 0x0000000096a00000| Untracked 
|  64|0x0000000096a00000, 0x0000000096b00000, 0x0000000096b00000|100%| O|  |TAMS 0x0000000096b00000, 0x0000000096b00000| Untracked 
|  65|0x0000000096b00000, 0x0000000096c00000, 0x0000000096c00000|100%| O|  |TAMS 0x0000000096c00000, 0x0000000096c00000| Untracked 
|  66|0x0000000096c00000, 0x0000000096d00000, 0x0000000096d00000|100%| O|  |TAMS 0x0000000096c00000, 0x0000000096d00000| Untracked 
|  67|0x0000000096d00000, 0x0000000096e00000, 0x0000000096e00000|100%| O|  |TAMS 0x0000000096d00000, 0x0000000096e00000| Untracked 
|  68|0x0000000096e00000, 0x0000000096f00000, 0x0000000096f00000|100%| O|  |TAMS 0x0000000096e00000, 0x0000000096f00000| Untracked 
|  69|0x0000000096f00000, 0x0000000097000000, 0x0000000097000000|100%| O|  |TAMS 0x0000000096f00000, 0x0000000097000000| Untracked 
|  70|0x0000000097000000, 0x0000000097100000, 0x0000000097100000|100%| O|  |TAMS 0x0000000097000000, 0x0000000097100000| Untracked 
|  71|0x0000000097100000, 0x0000000097200000, 0x0000000097200000|100%| O|  |TAMS 0x0000000097100000, 0x0000000097200000| Untracked 
|  72|0x0000000097200000, 0x0000000097300000, 0x0000000097300000|100%| O|  |TAMS 0x0000000097200000, 0x0000000097300000| Untracked 
|  73|0x0000000097300000, 0x0000000097400000, 0x0000000097400000|100%| O|  |TAMS 0x0000000097300000, 0x0000000097400000| Untracked 
|  74|0x0000000097400000, 0x0000000097500000, 0x0000000097500000|100%| O|  |TAMS 0x0000000097400000, 0x0000000097500000| Untracked 
|  75|0x0000000097500000, 0x0000000097600000, 0x0000000097600000|100%| O|  |TAMS 0x0000000097500000, 0x0000000097600000| Untracked 
|  76|0x0000000097600000, 0x0000000097700000, 0x0000000097700000|100%| O|  |TAMS 0x0000000097600000, 0x0000000097700000| Untracked 
|  77|0x0000000097700000, 0x0000000097800000, 0x0000000097800000|100%| O|  |TAMS 0x0000000097700000, 0x0000000097800000| Untracked 
|  78|0x0000000097800000, 0x0000000097900000, 0x0000000097900000|100%| O|  |TAMS 0x0000000097800000, 0x0000000097900000| Untracked 
|  79|0x0000000097900000, 0x0000000097a00000, 0x0000000097a00000|100%| O|  |TAMS 0x0000000097900000, 0x0000000097a00000| Untracked 
|  80|0x0000000097a00000, 0x0000000097b00000, 0x0000000097b00000|100%| O|  |TAMS 0x0000000097a00000, 0x0000000097b00000| Untracked 
|  81|0x0000000097b00000, 0x0000000097c00000, 0x0000000097c00000|100%| O|  |TAMS 0x0000000097b00000, 0x0000000097c00000| Untracked 
|  82|0x0000000097c00000, 0x0000000097d00000, 0x0000000097d00000|100%| O|  |TAMS 0x0000000097c00000, 0x0000000097d00000| Untracked 
|  83|0x0000000097d00000, 0x0000000097e00000, 0x0000000097e00000|100%| O|  |TAMS 0x0000000097d00000, 0x0000000097e00000| Untracked 
|  84|0x0000000097e00000, 0x0000000097f00000, 0x0000000097f00000|100%| O|  |TAMS 0x0000000097e00000, 0x0000000097f00000| Untracked 
|  85|0x0000000097f00000, 0x0000000098000000, 0x0000000098000000|100%| O|  |TAMS 0x0000000097f00000, 0x0000000098000000| Untracked 
|  86|0x0000000098000000, 0x0000000098100000, 0x0000000098100000|100%| O|  |TAMS 0x0000000098000000, 0x0000000098100000| Untracked 
|  87|0x0000000098100000, 0x0000000098200000, 0x0000000098200000|100%| O|  |TAMS 0x0000000098100000, 0x0000000098200000| Untracked 
|  88|0x0000000098200000, 0x0000000098300000, 0x0000000098300000|100%| O|  |TAMS 0x0000000098200000, 0x0000000098300000| Untracked 
|  89|0x0000000098300000, 0x0000000098400000, 0x0000000098400000|100%| O|  |TAMS 0x0000000098300000, 0x0000000098400000| Untracked 
|  90|0x0000000098400000, 0x0000000098500000, 0x0000000098500000|100%| O|  |TAMS 0x0000000098400000, 0x0000000098500000| Untracked 
|  91|0x0000000098500000, 0x0000000098600000, 0x0000000098600000|100%| O|  |TAMS 0x0000000098500000, 0x0000000098600000| Untracked 
|  92|0x0000000098600000, 0x0000000098700000, 0x0000000098700000|100%| O|  |TAMS 0x0000000098600000, 0x0000000098700000| Untracked 
|  93|0x0000000098700000, 0x0000000098800000, 0x0000000098800000|100%| O|  |TAMS 0x0000000098700000, 0x0000000098800000| Untracked 
|  94|0x0000000098800000, 0x0000000098900000, 0x0000000098900000|100%| O|  |TAMS 0x0000000098800000, 0x0000000098900000| Untracked 
|  95|0x0000000098900000, 0x0000000098a00000, 0x0000000098a00000|100%| O|  |TAMS 0x0000000098900000, 0x0000000098a00000| Untracked 
|  96|0x0000000098a00000, 0x0000000098b00000, 0x0000000098b00000|100%| O|  |TAMS 0x0000000098a00000, 0x0000000098b00000| Untracked 
|  97|0x0000000098b00000, 0x0000000098c00000, 0x0000000098c00000|100%| O|  |TAMS 0x0000000098b00000, 0x0000000098c00000| Untracked 
|  98|0x0000000098c00000, 0x0000000098d00000, 0x0000000098d00000|100%| O|  |TAMS 0x0000000098c00000, 0x0000000098d00000| Untracked 
|  99|0x0000000098d00000, 0x0000000098e00000, 0x0000000098e00000|100%| O|  |TAMS 0x0000000098d00000, 0x0000000098e00000| Untracked 
| 100|0x0000000098e00000, 0x0000000098f00000, 0x0000000098f00000|100%| O|  |TAMS 0x0000000098e00000, 0x0000000098f00000| Untracked 
| 101|0x0000000098f00000, 0x0000000099000000, 0x0000000099000000|100%| O|  |TAMS 0x0000000098f00000, 0x0000000099000000| Untracked 
| 102|0x0000000099000000, 0x0000000099100000, 0x0000000099100000|100%| O|  |TAMS 0x0000000099000000, 0x0000000099100000| Untracked 
| 103|0x0000000099100000, 0x0000000099200000, 0x0000000099200000|100%| O|  |TAMS 0x0000000099100000, 0x0000000099200000| Untracked 
| 104|0x0000000099200000, 0x0000000099300000, 0x0000000099300000|100%| O|  |TAMS 0x0000000099200000, 0x0000000099300000| Untracked 
| 105|0x0000000099300000, 0x0000000099400000, 0x0000000099400000|100%| O|  |TAMS 0x0000000099300000, 0x0000000099400000| Untracked 
| 106|0x0000000099400000, 0x0000000099500000, 0x0000000099500000|100%| O|  |TAMS 0x0000000099400000, 0x0000000099500000| Untracked 
| 107|0x0000000099500000, 0x0000000099600000, 0x0000000099600000|100%| O|  |TAMS 0x0000000099500000, 0x0000000099600000| Untracked 
| 108|0x0000000099600000, 0x0000000099700000, 0x0000000099700000|100%| O|  |TAMS 0x0000000099600000, 0x0000000099700000| Untracked 
| 109|0x0000000099700000, 0x0000000099800000, 0x0000000099800000|100%| O|  |TAMS 0x0000000099700000, 0x0000000099800000| Untracked 
| 110|0x0000000099800000, 0x0000000099900000, 0x0000000099900000|100%| O|  |TAMS 0x0000000099800000, 0x0000000099900000| Untracked 
| 111|0x0000000099900000, 0x0000000099a00000, 0x0000000099a00000|100%| O|  |TAMS 0x0000000099900000, 0x0000000099a00000| Untracked 
| 112|0x0000000099a00000, 0x0000000099b00000, 0x0000000099b00000|100%| O|  |TAMS 0x0000000099a00000, 0x0000000099b00000| Untracked 
| 113|0x0000000099b00000, 0x0000000099c00000, 0x0000000099c00000|100%| O|  |TAMS 0x0000000099b00000, 0x0000000099c00000| Untracked 
| 114|0x0000000099c00000, 0x0000000099d00000, 0x0000000099d00000|100%| O|  |TAMS 0x0000000099c00000, 0x0000000099d00000| Untracked 
| 115|0x0000000099d00000, 0x0000000099e00000, 0x0000000099e00000|100%| O|  |TAMS 0x0000000099d00000, 0x0000000099e00000| Untracked 
| 116|0x0000000099e00000, 0x0000000099f00000, 0x0000000099f00000|100%| O|  |TAMS 0x0000000099e00000, 0x0000000099f00000| Untracked 
| 117|0x0000000099f00000, 0x000000009a000000, 0x000000009a000000|100%| O|  |TAMS 0x0000000099f00000, 0x000000009a000000| Untracked 
| 118|0x000000009a000000, 0x000000009a100000, 0x000000009a100000|100%| O|  |TAMS 0x000000009a000000, 0x000000009a100000| Untracked 
| 119|0x000000009a100000, 0x000000009a200000, 0x000000009a200000|100%| O|  |TAMS 0x000000009a100000, 0x000000009a200000| Untracked 
| 120|0x000000009a200000, 0x000000009a300000, 0x000000009a300000|100%| O|  |TAMS 0x000000009a200000, 0x000000009a300000| Untracked 
| 121|0x000000009a300000, 0x000000009a400000, 0x000000009a400000|100%| O|  |TAMS 0x000000009a300000, 0x000000009a400000| Untracked 
| 122|0x000000009a400000, 0x000000009a500000, 0x000000009a500000|100%| O|  |TAMS 0x000000009a400000, 0x000000009a500000| Untracked 
| 123|0x000000009a500000, 0x000000009a600000, 0x000000009a600000|100%| O|  |TAMS 0x000000009a500000, 0x000000009a600000| Untracked 
| 124|0x000000009a600000, 0x000000009a700000, 0x000000009a700000|100%| O|  |TAMS 0x000000009a600000, 0x000000009a700000| Untracked 
| 125|0x000000009a700000, 0x000000009a800000, 0x000000009a800000|100%| O|  |TAMS 0x000000009a700000, 0x000000009a800000| Untracked 
| 126|0x000000009a800000, 0x000000009a900000, 0x000000009a900000|100%| O|  |TAMS 0x000000009a800000, 0x000000009a900000| Untracked 
| 127|0x000000009a900000, 0x000000009aa00000, 0x000000009aa00000|100%| O|  |TAMS 0x000000009a900000, 0x000000009aa00000| Untracked 
| 128|0x000000009aa00000, 0x000000009ab00000, 0x000000009ab00000|100%| O|  |TAMS 0x000000009aa00000, 0x000000009ab00000| Untracked 
| 129|0x000000009ab00000, 0x000000009ac00000, 0x000000009ac00000|100%| O|  |TAMS 0x000000009ab00000, 0x000000009ac00000| Untracked 
| 130|0x000000009ac00000, 0x000000009ad00000, 0x000000009ad00000|100%| O|  |TAMS 0x000000009ac00000, 0x000000009ad00000| Untracked 
| 131|0x000000009ad00000, 0x000000009ae00000, 0x000000009ae00000|100%| O|  |TAMS 0x000000009ad00000, 0x000000009ae00000| Untracked 
| 132|0x000000009ae00000, 0x000000009af00000, 0x000000009af00000|100%| O|  |TAMS 0x000000009ae00000, 0x000000009af00000| Untracked 
| 133|0x000000009af00000, 0x000000009b000000, 0x000000009b000000|100%| O|  |TAMS 0x000000009af00000, 0x000000009b000000| Untracked 
| 134|0x000000009b000000, 0x000000009b100000, 0x000000009b100000|100%| O|  |TAMS 0x000000009b000000, 0x000000009b100000| Untracked 
| 135|0x000000009b100000, 0x000000009b200000, 0x000000009b200000|100%| O|  |TAMS 0x000000009b100000, 0x000000009b200000| Untracked 
| 136|0x000000009b200000, 0x000000009b300000, 0x000000009b300000|100%| O|  |TAMS 0x000000009b200000, 0x000000009b300000| Untracked 
| 137|0x000000009b300000, 0x000000009b400000, 0x000000009b400000|100%| O|  |TAMS 0x000000009b300000, 0x000000009b400000| Untracked 
| 138|0x000000009b400000, 0x000000009b500000, 0x000000009b500000|100%| O|  |TAMS 0x000000009b400000, 0x000000009b500000| Untracked 
| 139|0x000000009b500000, 0x000000009b600000, 0x000000009b600000|100%| O|  |TAMS 0x000000009b500000, 0x000000009b600000| Untracked 
| 140|0x000000009b600000, 0x000000009b700000, 0x000000009b700000|100%| O|  |TAMS 0x000000009b600000, 0x000000009b700000| Untracked 
| 141|0x000000009b700000, 0x000000009b800000, 0x000000009b800000|100%| O|  |TAMS 0x000000009b700000, 0x000000009b800000| Untracked 
| 142|0x000000009b800000, 0x000000009b900000, 0x000000009b900000|100%| O|  |TAMS 0x000000009b800000, 0x000000009b900000| Untracked 
| 143|0x000000009b900000, 0x000000009ba00000, 0x000000009ba00000|100%| O|  |TAMS 0x000000009b900000, 0x000000009ba00000| Untracked 
| 144|0x000000009ba00000, 0x000000009bb00000, 0x000000009bb00000|100%| O|  |TAMS 0x000000009ba00000, 0x000000009bb00000| Untracked 
| 145|0x000000009bb00000, 0x000000009bc00000, 0x000000009bc00000|100%| O|  |TAMS 0x000000009bb00000, 0x000000009bc00000| Untracked 
| 146|0x000000009bc00000, 0x000000009bd00000, 0x000000009bd00000|100%| O|  |TAMS 0x000000009bc00000, 0x000000009bd00000| Untracked 
| 147|0x000000009bd00000, 0x000000009be00000, 0x000000009be00000|100%| O|  |TAMS 0x000000009bd00000, 0x000000009be00000| Untracked 
| 148|0x000000009be00000, 0x000000009bf00000, 0x000000009bf00000|100%| O|  |TAMS 0x000000009be00000, 0x000000009bf00000| Untracked 
| 149|0x000000009bf00000, 0x000000009c000000, 0x000000009c000000|100%| O|  |TAMS 0x000000009bf00000, 0x000000009c000000| Untracked 
| 150|0x000000009c000000, 0x000000009c100000, 0x000000009c100000|100%| O|  |TAMS 0x000000009c000000, 0x000000009c100000| Untracked 
| 151|0x000000009c100000, 0x000000009c200000, 0x000000009c200000|100%| O|  |TAMS 0x000000009c100000, 0x000000009c200000| Untracked 
| 152|0x000000009c200000, 0x000000009c300000, 0x000000009c300000|100%| O|  |TAMS 0x000000009c200000, 0x000000009c300000| Untracked 
| 153|0x000000009c300000, 0x000000009c400000, 0x000000009c400000|100%| O|  |TAMS 0x000000009c300000, 0x000000009c400000| Untracked 
| 154|0x000000009c400000, 0x000000009c500000, 0x000000009c500000|100%| O|  |TAMS 0x000000009c400000, 0x000000009c500000| Untracked 
| 155|0x000000009c500000, 0x000000009c600000, 0x000000009c600000|100%| O|  |TAMS 0x000000009c500000, 0x000000009c600000| Untracked 
| 156|0x000000009c600000, 0x000000009c700000, 0x000000009c700000|100%| O|  |TAMS 0x000000009c600000, 0x000000009c700000| Untracked 
| 157|0x000000009c700000, 0x000000009c800000, 0x000000009c800000|100%| O|  |TAMS 0x000000009c700000, 0x000000009c800000| Untracked 
| 158|0x000000009c800000, 0x000000009c900000, 0x000000009c900000|100%| O|  |TAMS 0x000000009c800000, 0x000000009c900000| Untracked 
| 159|0x000000009c900000, 0x000000009ca00000, 0x000000009ca00000|100%| O|  |TAMS 0x000000009c900000, 0x000000009ca00000| Untracked 
| 160|0x000000009ca00000, 0x000000009cb00000, 0x000000009cb00000|100%| O|  |TAMS 0x000000009ca00000, 0x000000009cb00000| Untracked 
| 161|0x000000009cb00000, 0x000000009cc00000, 0x000000009cc00000|100%| O|  |TAMS 0x000000009cb00000, 0x000000009cc00000| Untracked 
| 162|0x000000009cc00000, 0x000000009cd00000, 0x000000009cd00000|100%| O|  |TAMS 0x000000009cc00000, 0x000000009cd00000| Untracked 
| 163|0x000000009cd00000, 0x000000009ce00000, 0x000000009ce00000|100%| O|  |TAMS 0x000000009cd00000, 0x000000009ce00000| Untracked 
| 164|0x000000009ce00000, 0x000000009cf00000, 0x000000009cf00000|100%| O|  |TAMS 0x000000009ce00000, 0x000000009cf00000| Untracked 
| 165|0x000000009cf00000, 0x000000009d000000, 0x000000009d000000|100%| O|  |TAMS 0x000000009cf00000, 0x000000009d000000| Untracked 
| 166|0x000000009d000000, 0x000000009d100000, 0x000000009d100000|100%| O|  |TAMS 0x000000009d000000, 0x000000009d100000| Untracked 
| 167|0x000000009d100000, 0x000000009d200000, 0x000000009d200000|100%| O|  |TAMS 0x000000009d100000, 0x000000009d200000| Untracked 
| 168|0x000000009d200000, 0x000000009d300000, 0x000000009d300000|100%| O|  |TAMS 0x000000009d200000, 0x000000009d300000| Untracked 
| 169|0x000000009d300000, 0x000000009d400000, 0x000000009d400000|100%| O|  |TAMS 0x000000009d300000, 0x000000009d400000| Untracked 
| 170|0x000000009d400000, 0x000000009d500000, 0x000000009d500000|100%| O|  |TAMS 0x000000009d400000, 0x000000009d500000| Untracked 
| 171|0x000000009d500000, 0x000000009d600000, 0x000000009d600000|100%| O|  |TAMS 0x000000009d500000, 0x000000009d600000| Untracked 
| 172|0x000000009d600000, 0x000000009d700000, 0x000000009d700000|100%| O|  |TAMS 0x000000009d600000, 0x000000009d700000| Untracked 
| 173|0x000000009d700000, 0x000000009d800000, 0x000000009d800000|100%| O|  |TAMS 0x000000009d700000, 0x000000009d800000| Untracked 
| 174|0x000000009d800000, 0x000000009d900000, 0x000000009d900000|100%| O|  |TAMS 0x000000009d800000, 0x000000009d900000| Untracked 
| 175|0x000000009d900000, 0x000000009da00000, 0x000000009da00000|100%| O|  |TAMS 0x000000009d900000, 0x000000009da00000| Untracked 
| 176|0x000000009da00000, 0x000000009db00000, 0x000000009db00000|100%| O|  |TAMS 0x000000009da00000, 0x000000009db00000| Untracked 
| 177|0x000000009db00000, 0x000000009dc00000, 0x000000009dc00000|100%| O|  |TAMS 0x000000009db00000, 0x000000009dc00000| Untracked 
| 178|0x000000009dc00000, 0x000000009dd00000, 0x000000009dd00000|100%| O|  |TAMS 0x000000009dc00000, 0x000000009dd00000| Untracked 
| 179|0x000000009dd00000, 0x000000009de00000, 0x000000009de00000|100%| O|  |TAMS 0x000000009dd00000, 0x000000009de00000| Untracked 
| 180|0x000000009de00000, 0x000000009df00000, 0x000000009df00000|100%| O|  |TAMS 0x000000009de00000, 0x000000009df00000| Untracked 
| 181|0x000000009df00000, 0x000000009e000000, 0x000000009e000000|100%| O|  |TAMS 0x000000009df00000, 0x000000009e000000| Untracked 
| 182|0x000000009e000000, 0x000000009e100000, 0x000000009e100000|100%| O|  |TAMS 0x000000009e000000, 0x000000009e100000| Untracked 
| 183|0x000000009e100000, 0x000000009e200000, 0x000000009e200000|100%| O|  |TAMS 0x000000009e100000, 0x000000009e180000| Untracked 
| 184|0x000000009e200000, 0x000000009e300000, 0x000000009e300000|100%| O|  |TAMS 0x000000009e200000, 0x000000009e200000| Untracked 
| 185|0x000000009e300000, 0x000000009e400000, 0x000000009e400000|100%| O|  |TAMS 0x000000009e300000, 0x000000009e300000| Untracked 
| 186|0x000000009e400000, 0x000000009e500000, 0x000000009e500000|100%| O|  |TAMS 0x000000009e400000, 0x000000009e400000| Untracked 
| 187|0x000000009e500000, 0x000000009e600000, 0x000000009e600000|100%| O|  |TAMS 0x000000009e500000, 0x000000009e500000| Untracked 
| 188|0x000000009e600000, 0x000000009e700000, 0x000000009e700000|100%| O|  |TAMS 0x000000009e600000, 0x000000009e600000| Untracked 
| 189|0x000000009e700000, 0x000000009e800000, 0x000000009e800000|100%| O|  |TAMS 0x000000009e700000, 0x000000009e700000| Untracked 
| 190|0x000000009e800000, 0x000000009e900000, 0x000000009e900000|100%| O|  |TAMS 0x000000009e800000, 0x000000009e800000| Untracked 
| 191|0x000000009e900000, 0x000000009ea00000, 0x000000009ea00000|100%| O|  |TAMS 0x000000009e900000, 0x000000009e900000| Untracked 
| 192|0x000000009ea00000, 0x000000009eb00000, 0x000000009eb00000|100%| O|  |TAMS 0x000000009ea00000, 0x000000009ea00000| Untracked 
| 193|0x000000009eb00000, 0x000000009ec00000, 0x000000009ec00000|100%| O|  |TAMS 0x000000009eb00000, 0x000000009eb00000| Untracked 
| 194|0x000000009ec00000, 0x000000009ed00000, 0x000000009ed00000|100%| O|  |TAMS 0x000000009ec00000, 0x000000009ec00000| Untracked 
| 195|0x000000009ed00000, 0x000000009ee00000, 0x000000009ee00000|100%| O|  |TAMS 0x000000009ed00000, 0x000000009ed00000| Untracked 
| 196|0x000000009ee00000, 0x000000009ef00000, 0x000000009ef00000|100%| O|  |TAMS 0x000000009ee00000, 0x000000009ee00000| Untracked 
| 197|0x000000009ef00000, 0x000000009f000000, 0x000000009f000000|100%| O|  |TAMS 0x000000009ef00000, 0x000000009ef00000| Untracked 
| 198|0x000000009f000000, 0x000000009f100000, 0x000000009f100000|100%| O|  |TAMS 0x000000009f000000, 0x000000009f000000| Untracked 
| 199|0x000000009f100000, 0x000000009f200000, 0x000000009f200000|100%| O|  |TAMS 0x000000009f100000, 0x000000009f100000| Untracked 
| 200|0x000000009f200000, 0x000000009f300000, 0x000000009f300000|100%| O|  |TAMS 0x000000009f200000, 0x000000009f200000| Untracked 
| 201|0x000000009f300000, 0x000000009f400000, 0x000000009f400000|100%| O|  |TAMS 0x000000009f300000, 0x000000009f300000| Untracked 
| 202|0x000000009f400000, 0x000000009f500000, 0x000000009f500000|100%| O|  |TAMS 0x000000009f400000, 0x000000009f400000| Untracked 
| 203|0x000000009f500000, 0x000000009f600000, 0x000000009f600000|100%| O|  |TAMS 0x000000009f500000, 0x000000009f500000| Untracked 
| 204|0x000000009f600000, 0x000000009f700000, 0x000000009f700000|100%| O|  |TAMS 0x000000009f600000, 0x000000009f600000| Untracked 
| 205|0x000000009f700000, 0x000000009f800000, 0x000000009f800000|100%| O|  |TAMS 0x000000009f700000, 0x000000009f700000| Untracked 
| 206|0x000000009f800000, 0x000000009f900000, 0x000000009f900000|100%| O|  |TAMS 0x000000009f800000, 0x000000009f800000| Untracked 
| 207|0x000000009f900000, 0x000000009fa00000, 0x000000009fa00000|100%| O|  |TAMS 0x000000009f900000, 0x000000009f900000| Untracked 
| 208|0x000000009fa00000, 0x000000009fb00000, 0x000000009fb00000|100%| O|  |TAMS 0x000000009fa00000, 0x000000009fa00000| Untracked 
| 209|0x000000009fb00000, 0x000000009fc00000, 0x000000009fc00000|100%| O|  |TAMS 0x000000009fb00000, 0x000000009fb00000| Untracked 
| 210|0x000000009fc00000, 0x000000009fd00000, 0x000000009fd00000|100%| O|  |TAMS 0x000000009fc00000, 0x000000009fc00000| Untracked 
| 211|0x000000009fd00000, 0x000000009fe00000, 0x000000009fe00000|100%| O|  |TAMS 0x000000009fd00000, 0x000000009fd00000| Untracked 
| 212|0x000000009fe00000, 0x000000009ff00000, 0x000000009ff00000|100%| O|  |TAMS 0x000000009fe00000, 0x000000009fe00000| Untracked 
| 213|0x000000009ff00000, 0x00000000a0000000, 0x00000000a0000000|100%| O|  |TAMS 0x000000009ff00000, 0x000000009ff00000| Untracked 
| 214|0x00000000a0000000, 0x00000000a0000000, 0x00000000a0100000|  0%| F|  |TAMS 0x00000000a0000000, 0x00000000a0000000| Untracked 
| 215|0x00000000a0100000, 0x00000000a0100000, 0x00000000a0200000|  0%| F|  |TAMS 0x00000000a0100000, 0x00000000a0100000| Untracked 
| 216|0x00000000a0200000, 0x00000000a0200000, 0x00000000a0300000|  0%| F|  |TAMS 0x00000000a0200000, 0x00000000a0200000| Untracked 
| 217|0x00000000a0300000, 0x00000000a0300000, 0x00000000a0400000|  0%| F|  |TAMS 0x00000000a0300000, 0x00000000a0300000| Untracked 
| 218|0x00000000a0400000, 0x00000000a0400000, 0x00000000a0500000|  0%| F|  |TAMS 0x00000000a0400000, 0x00000000a0400000| Untracked 
| 219|0x00000000a0500000, 0x00000000a0500000, 0x00000000a0600000|  0%| F|  |TAMS 0x00000000a0500000, 0x00000000a0500000| Untracked 
| 220|0x00000000a0600000, 0x00000000a0600000, 0x00000000a0700000|  0%| F|  |TAMS 0x00000000a0600000, 0x00000000a0600000| Untracked 
| 221|0x00000000a0700000, 0x00000000a0700000, 0x00000000a0800000|  0%| F|  |TAMS 0x00000000a0700000, 0x00000000a0700000| Untracked 
| 222|0x00000000a0800000, 0x00000000a0800000, 0x00000000a0900000|  0%| F|  |TAMS 0x00000000a0800000, 0x00000000a0800000| Untracked 
| 223|0x00000000a0900000, 0x00000000a0900000, 0x00000000a0a00000|  0%| F|  |TAMS 0x00000000a0900000, 0x00000000a0900000| Untracked 
| 224|0x00000000a0a00000, 0x00000000a0a00000, 0x00000000a0b00000|  0%| F|  |TAMS 0x00000000a0a00000, 0x00000000a0a00000| Untracked 
| 225|0x00000000a0b00000, 0x00000000a0b00000, 0x00000000a0c00000|  0%| F|  |TAMS 0x00000000a0b00000, 0x00000000a0b00000| Untracked 
| 226|0x00000000a0c00000, 0x00000000a0c00000, 0x00000000a0d00000|  0%| F|  |TAMS 0x00000000a0c00000, 0x00000000a0c00000| Untracked 
| 227|0x00000000a0d00000, 0x00000000a0d00000, 0x00000000a0e00000|  0%| F|  |TAMS 0x00000000a0d00000, 0x00000000a0d00000| Untracked 
| 228|0x00000000a0e00000, 0x00000000a0e00000, 0x00000000a0f00000|  0%| F|  |TAMS 0x00000000a0e00000, 0x00000000a0e00000| Untracked 
| 229|0x00000000a0f00000, 0x00000000a0f00000, 0x00000000a1000000|  0%| F|  |TAMS 0x00000000a0f00000, 0x00000000a0f00000| Untracked 
| 230|0x00000000a1000000, 0x00000000a1000000, 0x00000000a1100000|  0%| F|  |TAMS 0x00000000a1000000, 0x00000000a1000000| Untracked 
| 231|0x00000000a1100000, 0x00000000a1100000, 0x00000000a1200000|  0%| F|  |TAMS 0x00000000a1100000, 0x00000000a1100000| Untracked 
| 232|0x00000000a1200000, 0x00000000a1200000, 0x00000000a1300000|  0%| F|  |TAMS 0x00000000a1200000, 0x00000000a1200000| Untracked 
| 233|0x00000000a1300000, 0x00000000a1300000, 0x00000000a1400000|  0%| F|  |TAMS 0x00000000a1300000, 0x00000000a1300000| Untracked 
| 234|0x00000000a1400000, 0x00000000a1400000, 0x00000000a1500000|  0%| F|  |TAMS 0x00000000a1400000, 0x00000000a1400000| Untracked 
| 235|0x00000000a1500000, 0x00000000a1500000, 0x00000000a1600000|  0%| F|  |TAMS 0x00000000a1500000, 0x00000000a1500000| Untracked 
| 236|0x00000000a1600000, 0x00000000a1600000, 0x00000000a1700000|  0%| F|  |TAMS 0x00000000a1600000, 0x00000000a1600000| Untracked 
| 237|0x00000000a1700000, 0x00000000a1700000, 0x00000000a1800000|  0%| F|  |TAMS 0x00000000a1700000, 0x00000000a1700000| Untracked 
| 238|0x00000000a1800000, 0x00000000a1800000, 0x00000000a1900000|  0%| F|  |TAMS 0x00000000a1800000, 0x00000000a1800000| Untracked 
| 239|0x00000000a1900000, 0x00000000a1900000, 0x00000000a1a00000|  0%| F|  |TAMS 0x00000000a1900000, 0x00000000a1900000| Untracked 
| 240|0x00000000a1a00000, 0x00000000a1a00000, 0x00000000a1b00000|  0%| F|  |TAMS 0x00000000a1a00000, 0x00000000a1a00000| Untracked 
| 241|0x00000000a1b00000, 0x00000000a1b00000, 0x00000000a1c00000|  0%| F|  |TAMS 0x00000000a1b00000, 0x00000000a1b00000| Untracked 
| 242|0x00000000a1c00000, 0x00000000a1c00000, 0x00000000a1d00000|  0%| F|  |TAMS 0x00000000a1c00000, 0x00000000a1c00000| Untracked 
| 243|0x00000000a1d00000, 0x00000000a1d00000, 0x00000000a1e00000|  0%| F|  |TAMS 0x00000000a1d00000, 0x00000000a1d00000| Untracked 
| 244|0x00000000a1e00000, 0x00000000a1e00000, 0x00000000a1f00000|  0%| F|  |TAMS 0x00000000a1e00000, 0x00000000a1e00000| Untracked 
| 245|0x00000000a1f00000, 0x00000000a1f00000, 0x00000000a2000000|  0%| F|  |TAMS 0x00000000a1f00000, 0x00000000a1f00000| Untracked 
| 246|0x00000000a2000000, 0x00000000a2000000, 0x00000000a2100000|  0%| F|  |TAMS 0x00000000a2000000, 0x00000000a2000000| Untracked 
| 247|0x00000000a2100000, 0x00000000a2100000, 0x00000000a2200000|  0%| F|  |TAMS 0x00000000a2100000, 0x00000000a2100000| Untracked 
| 248|0x00000000a2200000, 0x00000000a2200000, 0x00000000a2300000|  0%| F|  |TAMS 0x00000000a2200000, 0x00000000a2200000| Untracked 
| 249|0x00000000a2300000, 0x00000000a2300000, 0x00000000a2400000|  0%| F|  |TAMS 0x00000000a2300000, 0x00000000a2300000| Untracked 
| 250|0x00000000a2400000, 0x00000000a2400000, 0x00000000a2500000|  0%| F|  |TAMS 0x00000000a2400000, 0x00000000a2400000| Untracked 
| 251|0x00000000a2500000, 0x00000000a2500000, 0x00000000a2600000|  0%| F|  |TAMS 0x00000000a2500000, 0x00000000a2500000| Untracked 
| 252|0x00000000a2600000, 0x00000000a2600000, 0x00000000a2700000|  0%| F|  |TAMS 0x00000000a2600000, 0x00000000a2600000| Untracked 
| 253|0x00000000a2700000, 0x00000000a2700000, 0x00000000a2800000|  0%| F|  |TAMS 0x00000000a2700000, 0x00000000a2700000| Untracked 
| 254|0x00000000a2800000, 0x00000000a2900000, 0x00000000a2900000|100%| S|CS|TAMS 0x00000000a2800000, 0x00000000a2800000| Complete 
| 255|0x00000000a2900000, 0x00000000a2a00000, 0x00000000a2a00000|100%| S|CS|TAMS 0x00000000a2900000, 0x00000000a2900000| Complete 
| 256|0x00000000a2a00000, 0x00000000a2a00000, 0x00000000a2b00000|  0%| F|  |TAMS 0x00000000a2a00000, 0x00000000a2a00000| Untracked 
| 257|0x00000000a2b00000, 0x00000000a2b00000, 0x00000000a2c00000|  0%| F|  |TAMS 0x00000000a2b00000, 0x00000000a2b00000| Untracked 
| 258|0x00000000a2c00000, 0x00000000a2c00000, 0x00000000a2d00000|  0%| F|  |TAMS 0x00000000a2c00000, 0x00000000a2c00000| Untracked 
| 259|0x00000000a2d00000, 0x00000000a2d00000, 0x00000000a2e00000|  0%| F|  |TAMS 0x00000000a2d00000, 0x00000000a2d00000| Untracked 
| 260|0x00000000a2e00000, 0x00000000a2e00000, 0x00000000a2f00000|  0%| F|  |TAMS 0x00000000a2e00000, 0x00000000a2e00000| Untracked 
| 261|0x00000000a2f00000, 0x00000000a2f00000, 0x00000000a3000000|  0%| F|  |TAMS 0x00000000a2f00000, 0x00000000a2f00000| Untracked 
| 262|0x00000000a3000000, 0x00000000a3000000, 0x00000000a3100000|  0%| F|  |TAMS 0x00000000a3000000, 0x00000000a3000000| Untracked 
| 263|0x00000000a3100000, 0x00000000a3100000, 0x00000000a3200000|  0%| F|  |TAMS 0x00000000a3100000, 0x00000000a3100000| Untracked 
| 264|0x00000000a3200000, 0x00000000a3200000, 0x00000000a3300000|  0%| F|  |TAMS 0x00000000a3200000, 0x00000000a3200000| Untracked 
| 265|0x00000000a3300000, 0x00000000a3300000, 0x00000000a3400000|  0%| F|  |TAMS 0x00000000a3300000, 0x00000000a3300000| Untracked 

Card table byte_map: [0x000001bd6b7b0000,0x000001bd6bb20000] _byte_map_base: 0x000001bd6b31b000

Marking Bits (Prev, Next): (CMBitMap*) 0x000001bd51bdeb68, (CMBitMap*) 0x000001bd51bdeb28
 Prev Bits: [0x000001bd6d9f0000, 0x000001bd6f548000)
 Next Bits: [0x000001bd6be90000, 0x000001bd6d9e8000)

Polling page: 0x000001bd51c70000

Metaspace:

Usage:
  Non-class:      4.48 MB capacity,     1.19 MB ( 27%) used,     3.29 MB ( 73%) free+waste,     2.38 KB ( <1%) overhead. 
      Class:    477.00 KB capacity,   123.38 KB ( 26%) used,   351.99 KB ( 74%) free+waste,     1.63 KB ( <1%) overhead. 
       Both:      4.94 MB capacity,     1.31 MB ( 26%) used,     3.63 MB ( 73%) free+waste,     4.00 KB ( <1%) overhead. 

Virtual space:
  Non-class space:        8.00 MB reserved,       4.50 MB ( 56%) committed 
      Class space:        1.00 GB reserved,     512.00 KB ( <1%) committed 
             Both:        1.01 GB reserved,       5.00 MB ( <1%) committed 

Chunk freelists:
   Non-Class:  22.00 KB
       Class:  3.00 KB
        Both:  25.00 KB

MaxMetaspaceSize: 17179869184.00 GB
CompressedClassSpaceSize: 1.00 GB

CodeHeap 'non-profiled nmethods': size=120000Kb used=303Kb max_used=303Kb free=119696Kb
 bounds [0x000001bd63350000, 0x000001bd635c0000, 0x000001bd6a880000]
CodeHeap 'profiled nmethods': size=120000Kb used=729Kb max_used=729Kb free=119270Kb
 bounds [0x000001bd5be20000, 0x000001bd5c090000, 0x000001bd63350000]
CodeHeap 'non-nmethods': size=5760Kb used=1142Kb max_used=1197Kb free=4617Kb
 bounds [0x000001bd5b880000, 0x000001bd5baf0000, 0x000001bd5be20000]
 total_blobs=1293 nmethods=445 adapters=295
 compilation: enabled
              stopped_count=0, restarted_count=0
 full_count=0

Compilation events (20 events):
Event: 8.411 Thread 0x000001bd72c43000 nmethod 433 0x000001bd63393810 code [0x000001bd633939a0, 0x000001bd63393b58]
Event: 8.413 Thread 0x000001bd72d90800 nmethod 431 0x000001bd63393c10 code [0x000001bd63393dc0, 0x000001bd63394318]
Event: 8.427 Thread 0x000001bd72021000  438       3       sun.nio.cs.StreamDecoder::implRead (243 bytes)
Event: 8.428 Thread 0x000001bd72021000 nmethod 438 0x000001bd5bed3610 code [0x000001bd5bed3920, 0x000001bd5bed4dd0]
Event: 8.428 Thread 0x000001bd72021000  437       3       com.google.gson.stream.JsonReader::fillBuffer (168 bytes)
Event: 8.429 Thread 0x000001bd72021000 nmethod 437 0x000001bd5bed5510 code [0x000001bd5bed5700, 0x000001bd5bed5d40]
Event: 8.438 Thread 0x000001bd72c43000  439 %     4       com.google.gson.internal.bind.TypeAdapters$29::read @ 132 (209 bytes)
Event: 8.448 Thread 0x000001bd72c43000 nmethod 439% 0x000001bd63394590 code [0x000001bd63394780, 0x000001bd63395010]
Event: 8.459 Thread 0x000001bd72c43000  440       4       java.lang.AbstractStringBuilder::isLatin1 (19 bytes)
Event: 8.459 Thread 0x000001bd72c43000 nmethod 440 0x000001bd63395590 code [0x000001bd63395720, 0x000001bd63395798]
Event: 8.467 Thread 0x000001bd7201d800  441       4       java.lang.AbstractStringBuilder::checkRange (63 bytes)
Event: 8.467 Thread 0x000001bd7201d800 nmethod 441 0x000001bd63395890 code [0x000001bd63395a20, 0x000001bd63395ab8]
Event: 8.526 Thread 0x000001bd72021000  442       3       java.io.FileInputStream::read (8 bytes)
Event: 8.526 Thread 0x000001bd72021000 nmethod 442 0x000001bd5bed5e90 code [0x000001bd5bed6040, 0x000001bd5bed61f0]
Event: 8.527 Thread 0x000001bd72021000  443       3       java.nio.ByteBuffer::flip (7 bytes)
Event: 8.527 Thread 0x000001bd72021000 nmethod 443 0x000001bd5bed6290 code [0x000001bd5bed6440, 0x000001bd5bed6638]
Event: 8.541 Thread 0x000001bd72c43000  444       4       com.google.gson.stream.JsonReader::fillBuffer (168 bytes)
Event: 8.565 Thread 0x000001bd7201d800  445       4       sun.nio.cs.StreamDecoder::implRead (243 bytes)
Event: 8.599 Thread 0x000001bd7201d800 nmethod 445 0x000001bd63395b90 code [0x000001bd63395de0, 0x000001bd63397178]
Event: 8.599 Thread 0x000001bd72c43000 nmethod 444 0x000001bd63398390 code [0x000001bd63398600, 0x000001bd6339a618]

GC Heap History (20 events):
Event: 8.318 GC heap after
{Heap after GC invocations=7 (full 0):
 garbage-first heap   total 129024K, used 94720K [0x0000000092a00000, 0x0000000100000000)
  region size 1024K, 2 young (2048K), 2 survivors (2048K)
 Metaspace       used 1340K, capacity 5063K, committed 5120K, reserved 1056768K
  class space    used 123K, capacity 477K, committed 512K, reserved 1048576K
}
Event: 8.333 GC heap before
{Heap before GC invocations=7 (full 0):
 garbage-first heap   total 129024K, used 100864K [0x0000000092a00000, 0x0000000100000000)
  region size 1024K, 8 young (8192K), 2 survivors (2048K)
 Metaspace       used 1340K, capacity 5063K, committed 5120K, reserved 1056768K
  class space    used 123K, capacity 477K, committed 512K, reserved 1048576K
}
Event: 8.342 GC heap after
{Heap after GC invocations=8 (full 0):
 garbage-first heap   total 129024K, used 101888K [0x0000000092a00000, 0x0000000100000000)
  region size 1024K, 1 young (1024K), 1 survivors (1024K)
 Metaspace       used 1340K, capacity 5063K, committed 5120K, reserved 1056768K
  class space    used 123K, capacity 477K, committed 512K, reserved 1048576K
}
Event: 8.351 GC heap before
{Heap before GC invocations=8 (full 0):
 garbage-first heap   total 129024K, used 107008K [0x0000000092a00000, 0x0000000100000000)
  region size 1024K, 6 young (6144K), 1 survivors (1024K)
 Metaspace       used 1340K, capacity 5063K, committed 5120K, reserved 1056768K
  class space    used 123K, capacity 477K, committed 512K, reserved 1048576K
}
Event: 8.357 GC heap after
{Heap after GC invocations=9 (full 0):
 garbage-first heap   total 129024K, used 108032K [0x0000000092a00000, 0x0000000100000000)
  region size 1024K, 1 young (1024K), 1 survivors (1024K)
 Metaspace       used 1340K, capacity 5063K, committed 5120K, reserved 1056768K
  class space    used 123K, capacity 477K, committed 512K, reserved 1048576K
}
Event: 8.364 GC heap before
{Heap before GC invocations=9 (full 0):
 garbage-first heap   total 129024K, used 113152K [0x0000000092a00000, 0x0000000100000000)
  region size 1024K, 6 young (6144K), 1 survivors (1024K)
 Metaspace       used 1340K, capacity 5063K, committed 5120K, reserved 1056768K
  class space    used 123K, capacity 477K, committed 512K, reserved 1048576K
}
Event: 8.371 GC heap after
{Heap after GC invocations=10 (full 0):
 garbage-first heap   total 129024K, used 113664K [0x0000000092a00000, 0x0000000100000000)
  region size 1024K, 1 young (1024K), 1 survivors (1024K)
 Metaspace       used 1340K, capacity 5063K, committed 5120K, reserved 1056768K
  class space    used 123K, capacity 477K, committed 512K, reserved 1048576K
}
Event: 8.383 GC heap before
{Heap before GC invocations=10 (full 0):
 garbage-first heap   total 129024K, used 118784K [0x0000000092a00000, 0x0000000100000000)
  region size 1024K, 6 young (6144K), 1 survivors (1024K)
 Metaspace       used 1340K, capacity 5063K, committed 5120K, reserved 1056768K
  class space    used 123K, capacity 477K, committed 512K, reserved 1048576K
}
Event: 8.388 GC heap after
{Heap after GC invocations=11 (full 0):
 garbage-first heap   total 129024K, used 119129K [0x0000000092a00000, 0x0000000100000000)
  region size 1024K, 1 young (1024K), 1 survivors (1024K)
 Metaspace       used 1340K, capacity 5063K, committed 5120K, reserved 1056768K
  class space    used 123K, capacity 477K, committed 512K, reserved 1048576K
}
Event: 8.401 GC heap before
{Heap before GC invocations=11 (full 0):
 garbage-first heap   total 129024K, used 124249K [0x0000000092a00000, 0x0000000100000000)
  region size 1024K, 6 young (6144K), 1 survivors (1024K)
 Metaspace       used 1340K, capacity 5063K, committed 5120K, reserved 1056768K
  class space    used 123K, capacity 477K, committed 512K, reserved 1048576K
}
Event: 8.406 GC heap after
{Heap after GC invocations=12 (full 0):
 garbage-first heap   total 131072K, used 124919K [0x0000000092a00000, 0x0000000100000000)
  region size 1024K, 1 young (1024K), 1 survivors (1024K)
 Metaspace       used 1340K, capacity 5063K, committed 5120K, reserved 1056768K
  class space    used 123K, capacity 477K, committed 512K, reserved 1048576K
}
Event: 8.418 GC heap before
{Heap before GC invocations=12 (full 0):
 garbage-first heap   total 131072K, used 130039K [0x0000000092a00000, 0x0000000100000000)
  region size 1024K, 6 young (6144K), 1 survivors (1024K)
 Metaspace       used 1340K, capacity 5063K, committed 5120K, reserved 1056768K
  class space    used 123K, capacity 477K, committed 512K, reserved 1048576K
}
Event: 8.425 GC heap after
{Heap after GC invocations=13 (full 0):
 garbage-first heap   total 272384K, used 130048K [0x0000000092a00000, 0x0000000100000000)
  region size 1024K, 1 young (1024K), 1 survivors (1024K)
 Metaspace       used 1340K, capacity 5063K, committed 5120K, reserved 1056768K
  class space    used 123K, capacity 477K, committed 512K, reserved 1048576K
}
Event: 8.481 GC heap before
{Heap before GC invocations=13 (full 0):
 garbage-first heap   total 272384K, used 165888K [0x0000000092a00000, 0x0000000100000000)
  region size 1024K, 36 young (36864K), 1 survivors (1024K)
 Metaspace       used 1340K, capacity 5063K, committed 5120K, reserved 1056768K
  class space    used 123K, capacity 477K, committed 512K, reserved 1048576K
}
Event: 8.507 GC heap after
{Heap after GC invocations=14 (full 0):
 garbage-first heap   total 272384K, used 165872K [0x0000000092a00000, 0x0000000100000000)
  region size 1024K, 5 young (5120K), 5 survivors (5120K)
 Metaspace       used 1340K, capacity 5063K, committed 5120K, reserved 1056768K
  class space    used 123K, capacity 477K, committed 512K, reserved 1048576K
}
Event: 8.545 GC heap before
{Heap before GC invocations=15 (full 0):
 garbage-first heap   total 272384K, used 190448K [0x0000000092a00000, 0x0000000100000000)
  region size 1024K, 29 young (29696K), 5 survivors (5120K)
 Metaspace       used 1340K, capacity 5063K, committed 5120K, reserved 1056768K
  class space    used 123K, capacity 477K, committed 512K, reserved 1048576K
}
Event: 8.564 GC heap after
{Heap after GC invocations=16 (full 0):
 garbage-first heap   total 272384K, used 192000K [0x0000000092a00000, 0x0000000100000000)
  region size 1024K, 4 young (4096K), 4 survivors (4096K)
 Metaspace       used 1340K, capacity 5063K, committed 5120K, reserved 1056768K
  class space    used 123K, capacity 477K, committed 512K, reserved 1048576K
}
Event: 8.583 GC heap before
{Heap before GC invocations=16 (full 0):
 garbage-first heap   total 272384K, used 208384K [0x0000000092a00000, 0x0000000100000000)
  region size 1024K, 20 young (20480K), 4 survivors (4096K)
 Metaspace       used 1340K, capacity 5063K, committed 5120K, reserved 1056768K
  class space    used 123K, capacity 477K, committed 512K, reserved 1048576K
}
Event: 8.598 GC heap after
{Heap after GC invocations=17 (full 0):
 garbage-first heap   total 272384K, used 209920K [0x0000000092a00000, 0x0000000100000000)
  region size 1024K, 3 young (3072K), 3 survivors (3072K)
 Metaspace       used 1340K, capacity 5063K, committed 5120K, reserved 1056768K
  class space    used 123K, capacity 477K, committed 512K, reserved 1048576K
}
Event: 8.613 GC heap before
{Heap before GC invocations=17 (full 0):
 garbage-first heap   total 272384K, used 220160K [0x0000000092a00000, 0x0000000100000000)
  region size 1024K, 13 young (13312K), 3 survivors (3072K)
 Metaspace       used 1340K, capacity 5063K, committed 5120K, reserved 1056768K
  class space    used 123K, capacity 477K, committed 512K, reserved 1048576K
}

Deoptimization events (20 events):
Event: 8.060 Thread 0x000001bd51b9f800 DEOPT PACKING pc=0x000001bd5beba3c7 sp=0x00000097b65fdfd0
Event: 8.060 Thread 0x000001bd51b9f800 DEOPT UNPACKING pc=0x000001bd5b8c964e sp=0x00000097b65fd530 mode 0
Event: 8.060 Thread 0x000001bd51b9f800 DEOPT PACKING pc=0x000001bd5beba3c7 sp=0x00000097b65fe090
Event: 8.060 Thread 0x000001bd51b9f800 DEOPT UNPACKING pc=0x000001bd5b8c964e sp=0x00000097b65fd5f0 mode 0
Event: 8.061 Thread 0x000001bd51b9f800 DEOPT PACKING pc=0x000001bd5beba3c7 sp=0x00000097b65fdfd0
Event: 8.061 Thread 0x000001bd51b9f800 DEOPT UNPACKING pc=0x000001bd5b8c964e sp=0x00000097b65fd530 mode 0
Event: 8.061 Thread 0x000001bd51b9f800 DEOPT PACKING pc=0x000001bd5beba3c7 sp=0x00000097b65fe1c0
Event: 8.061 Thread 0x000001bd51b9f800 DEOPT UNPACKING pc=0x000001bd5b8c964e sp=0x00000097b65fd720 mode 0
Event: 8.061 Thread 0x000001bd51b9f800 DEOPT PACKING pc=0x000001bd5beba3c7 sp=0x00000097b65fe2d0
Event: 8.061 Thread 0x000001bd51b9f800 DEOPT UNPACKING pc=0x000001bd5b8c964e sp=0x00000097b65fd830 mode 0
Event: 8.426 Thread 0x000001bd51b9f800 Uncommon trap: trap_request=0xffffff45 fr.pc=0x000001bd6337cccc relative=0x000000000000158c
Event: 8.426 Thread 0x000001bd51b9f800 Uncommon trap: reason=unstable_if action=reinterpret pc=0x000001bd6337cccc method=sun.nio.cs.StreamDecoder.implRead([CII)I @ 87 c2
Event: 8.426 Thread 0x000001bd51b9f800 DEOPT PACKING pc=0x000001bd6337cccc sp=0x00000097b65fe8a0
Event: 8.426 Thread 0x000001bd51b9f800 DEOPT UNPACKING pc=0x000001bd5b8c912f sp=0x00000097b65fe6d0 mode 2
Event: 8.426 Thread 0x000001bd51b9f800 Uncommon trap: trap_request=0xffffff45 fr.pc=0x000001bd6337f888 relative=0x0000000000000d68
Event: 8.426 Thread 0x000001bd51b9f800 Uncommon trap: reason=unstable_if action=reinterpret pc=0x000001bd6337f888 method=sun.nio.cs.StreamDecoder.implRead([CII)I @ 98 c2
Event: 8.426 Thread 0x000001bd51b9f800 DEOPT PACKING pc=0x000001bd6337f888 sp=0x00000097b65fe790
Event: 8.426 Thread 0x000001bd51b9f800 DEOPT UNPACKING pc=0x000001bd5b8c912f sp=0x00000097b65fe760 mode 2
Event: 8.463 Thread 0x000001bd51b9f800 DEOPT PACKING pc=0x000001bd5be939f1 sp=0x00000097b65fea70
Event: 8.463 Thread 0x000001bd51b9f800 DEOPT UNPACKING pc=0x000001bd5b8c964e sp=0x00000097b65fdfc0 mode 0

Classes unloaded (0 events):
No events

Classes redefined (0 events):
No events

Internal exceptions (1 events):
Event: 0.067 Thread 0x000001bd51b9f800 Exception <a 'java/lang/NoSuchMethodError'{0x000000009a65a480}: 'int java.lang.invoke.DirectMethodHandle$Holder.invokeSpecialIFC(java.lang.Object, java.lang.Object, int)'> (0x000000009a65a480) 
thrown [t:/workspace/open/src/hotspot/share/interpreter/linkResolver.cpp, line 767]

Events (20 events):
Event: 8.383 Executing VM operation: G1CollectForAllocation
Event: 8.388 Executing VM operation: G1CollectForAllocation done
Event: 8.401 Executing VM operation: G1CollectForAllocation
Event: 8.406 Executing VM operation: G1CollectForAllocation done
Event: 8.418 Executing VM operation: G1CollectForAllocation
Event: 8.425 Executing VM operation: G1CollectForAllocation done
Event: 8.426 Executing VM operation: RevokeBias
Event: 8.426 Executing VM operation: RevokeBias done
Event: 8.435 Executing VM operation: G1Concurrent
Event: 8.435 Executing VM operation: G1Concurrent done
Event: 8.481 Executing VM operation: G1CollectForAllocation
Event: 8.507 Executing VM operation: G1CollectForAllocation done
Event: 8.526 Thread 0x000001bd72d90800 Thread exited: 0x000001bd72d90800
Event: 8.527 Executing VM operation: G1Concurrent
Event: 8.528 Executing VM operation: G1Concurrent done
Event: 8.545 Executing VM operation: G1CollectForAllocation
Event: 8.565 Executing VM operation: G1CollectForAllocation done
Event: 8.583 Executing VM operation: G1CollectForAllocation
Event: 8.598 Executing VM operation: G1CollectForAllocation done
Event: 8.613 Executing VM operation: G1CollectForAllocation


Dynamic libraries:
0x00007ff77a580000 - 0x00007ff77a58f000 	C:\Program Files\Java\jdk-13.0.2\bin\javaw.exe
0x00007ffa12400000 - 0x00007ffa125ed000 	C:\windows\SYSTEM32\ntdll.dll
0x00007ffa0f620000 - 0x00007ffa0f6d3000 	C:\windows\System32\KERNEL32.DLL
0x00007ffa0f080000 - 0x00007ffa0f315000 	C:\windows\System32\KERNELBASE.dll
0x00007ffa0f520000 - 0x00007ffa0f61a000 	C:\windows\System32\ucrtbase.dll
0x00007ff9f6a00000 - 0x00007ff9f6a18000 	C:\Program Files\Java\jdk-13.0.2\bin\jli.dll
0x00007ff9eaf90000 - 0x00007ff9eafa5000 	C:\Program Files\Java\jdk-13.0.2\bin\VCRUNTIME140.dll
0x00007ffa11850000 - 0x00007ffa118f3000 	C:\windows\System32\ADVAPI32.dll
0x00007ffa0f7d0000 - 0x00007ffa0f86e000 	C:\windows\System32\msvcrt.dll
0x00007ffa0f8d0000 - 0x00007ffa0f96e000 	C:\windows\System32\sechost.dll
0x00007ffa11a00000 - 0x00007ffa11b22000 	C:\windows\System32\RPCRT4.dll
0x00007ffa11c00000 - 0x00007ffa11d97000 	C:\windows\System32\USER32.dll
0x00007ffa0f500000 - 0x00007ffa0f520000 	C:\windows\System32\win32u.dll
0x00007ffa119d0000 - 0x00007ffa119f9000 	C:\windows\System32\GDI32.dll
0x00007ff9f2f20000 - 0x00007ff9f3199000 	C:\windows\WinSxS\amd64_microsoft.windows.common-controls_6595b64144ccf1df_6.0.17763.1217_none_de6e4304534e0ad3\COMCTL32.dll
0x00007ffa0ec30000 - 0x00007ffa0edc9000 	C:\windows\System32\gdi32full.dll
0x00007ffa0ee30000 - 0x00007ffa0eed0000 	C:\windows\System32\msvcp_win.dll
0x00007ffa114b0000 - 0x00007ffa117dc000 	C:\windows\System32\combase.dll
0x00007ffa0f000000 - 0x00007ffa0f07e000 	C:\windows\System32\bcryptPrimitives.dll
0x00007ffa0a680000 - 0x00007ffa0a68a000 	C:\windows\SYSTEM32\VERSION.dll
0x00007ffa0ff80000 - 0x00007ffa0ffae000 	C:\windows\System32\IMM32.DLL
0x00007ff9df3d0000 - 0x00007ff9df46b000 	C:\Program Files\Java\jdk-13.0.2\bin\msvcp140.dll
0x00007ff99e590000 - 0x00007ff99f0ed000 	C:\Program Files\Java\jdk-13.0.2\bin\server\jvm.dll
0x00007ffa0f6f0000 - 0x00007ffa0f6f8000 	C:\windows\System32\PSAPI.DLL
0x00007ff9f2ce0000 - 0x00007ff9f2ce9000 	C:\windows\SYSTEM32\WSOCK32.dll
0x00007ffa09400000 - 0x00007ffa09424000 	C:\windows\SYSTEM32\WINMM.dll
0x00007ffa117e0000 - 0x00007ffa1184d000 	C:\windows\System32\WS2_32.dll
0x00007ffa093d0000 - 0x00007ffa093fd000 	C:\windows\SYSTEM32\WINMMBASE.dll
0x00007ffa0efb0000 - 0x00007ffa0effa000 	C:\windows\System32\cfgmgr32.dll
0x00007ffa0e3f0000 - 0x00007ffa0e401000 	C:\windows\System32\kernel.appcore.dll
0x00007ffa0b0e0000 - 0x00007ffa0b0f0000 	C:\Program Files\Java\jdk-13.0.2\bin\verify.dll
0x00007ffa00bd0000 - 0x00007ffa00dbd000 	C:\windows\SYSTEM32\DBGHELP.DLL
0x00007ff9fc4e0000 - 0x00007ff9fc50a000 	C:\windows\SYSTEM32\dbgcore.DLL
0x00007ff9eafe0000 - 0x00007ff9eb006000 	C:\Program Files\Java\jdk-13.0.2\bin\java.dll
0x00007ff9fed10000 - 0x00007ff9fed27000 	C:\Program Files\Java\jdk-13.0.2\bin\zip.dll
0x00007ffa0b080000 - 0x00007ffa0b08a000 	C:\Program Files\Java\jdk-13.0.2\bin\jimage.dll
0x00007ffa0ffb0000 - 0x00007ffa114a4000 	C:\windows\System32\SHELL32.dll
0x00007ffa0f970000 - 0x00007ffa0fa18000 	C:\windows\System32\shcore.dll
0x00007ffa0e4e0000 - 0x00007ffa0ec2e000 	C:\windows\System32\windows.storage.dll
0x00007ffa0e470000 - 0x00007ffa0e494000 	C:\windows\System32\profapi.dll
0x00007ffa0e410000 - 0x00007ffa0e46d000 	C:\windows\System32\powrprof.dll
0x00007ffa11960000 - 0x00007ffa119b2000 	C:\windows\System32\shlwapi.dll
0x00007ffa0e4c0000 - 0x00007ffa0e4d7000 	C:\windows\System32\cryptsp.dll
0x00007ff9fdac0000 - 0x00007ff9fdad9000 	C:\Program Files\Java\jdk-13.0.2\bin\net.dll
0x00007ff9fdf40000 - 0x00007ff9fe032000 	C:\windows\SYSTEM32\WINHTTP.dll
0x00007ffa0dc60000 - 0x00007ffa0dcc7000 	C:\windows\system32\mswsock.dll
0x00007ff9f9610000 - 0x00007ff9f9623000 	C:\Program Files\Java\jdk-13.0.2\bin\nio.dll

dbghelp: loaded successfully - version: 4.0.5 - missing functions: none
symbol engine: initialized successfully - sym options: 0x614 - pdb path: .;C:\Program Files\Java\jdk-13.0.2\bin;C:\windows\SYSTEM32;C:\windows\WinSxS\amd64_microsoft.windows.common-controls_6595b64144ccf1df_6.0.17763.1217_none_de6e4304534e0ad3;C:\Program Files\Java\jdk-13.0.2\bin\server

VM Arguments:
jvm_args: -Xmx1750m -Dfile.encoding=Cp1252 
java_command: main.Main
java_class_path (initial): C:\Users\Santiago\Desktop\Andes\Estructuras de Datos\Proyecto\Proyecto3_202010_sec4_team11\bin;C:\Users\Santiago\.p2\pool\plugins\org.junit_4.13.0.v20200204-1500.jar;C:\Users\Santiago\.p2\pool\plugins\org.hamcrest.core_1.3.0.v20180420-1519.jar;C:\Users\Santiago\Desktop\Andes\Estructuras de Datos\Proyecto\Proyecto3_202010_sec4_team11\lib\gson-2.8.6.jar;C:\Users\Santiago\Desktop\Andes\Estructuras de Datos\Proyecto\Proyecto3_202010_sec4_team11\lib\jxmaps-1.3.2.jar;C:\Users\Santiago\Desktop\Andes\Estructuras de Datos\Proyecto\Proyecto3_202010_sec4_team11\lib\jxmaps-win-1.3.2.jar;C:\Users\Santiago\Desktop\Andes\Estructuras de Datos\Proyecto\Proyecto3_202010_sec4_team11\lib\jxmapsdemo.jar
Launcher Type: SUN_STANDARD

[Global flags]
     intx CICompilerCount                          = 4                                         {product} {ergonomic}
     uint ConcGCThreads                            = 2                                         {product} {ergonomic}
     uint G1ConcRefinementThreads                  = 8                                         {product} {ergonomic}
   size_t G1HeapRegionSize                         = 1048576                                   {product} {ergonomic}
    uintx GCDrainStackTargetSize                   = 64                                        {product} {ergonomic}
   size_t InitialHeapSize                          = 132120576                                 {product} {ergonomic}
   size_t MarkStackSize                            = 4194304                                   {product} {ergonomic}
   size_t MaxHeapSize                              = 1835008000                                {product} {command line}
   size_t MaxNewSize                               = 1101004800                                {product} {ergonomic}
   size_t MinHeapDeltaBytes                        = 1048576                                   {product} {ergonomic}
   size_t MinHeapSize                              = 8388608                                   {product} {ergonomic}
    uintx NonNMethodCodeHeapSize                   = 5839372                                {pd product} {ergonomic}
    uintx NonProfiledCodeHeapSize                  = 122909434                              {pd product} {ergonomic}
    uintx ProfiledCodeHeapSize                     = 122909434                              {pd product} {ergonomic}
    uintx ReservedCodeCacheSize                    = 251658240                              {pd product} {ergonomic}
     bool SegmentedCodeCache                       = true                                      {product} {ergonomic}
   size_t SoftMaxHeapSize                          = 1835008000                             {manageable} {ergonomic}
     bool UseCompressedClassPointers               = true                                 {lp64_product} {ergonomic}
     bool UseCompressedOops                        = true                                 {lp64_product} {ergonomic}
     bool UseG1GC                                  = true                                      {product} {ergonomic}
     bool UseLargePagesIndividualAllocation        = false                                  {pd product} {ergonomic}

Logging:
Log output configuration:
 #0: stdout all=warning uptime,level,tags
 #1: stderr all=off uptime,level,tags

Environment Variables:
CLASSPATH=C:\xpressmp\lib\xprm.jar;C:\xpressmp\lib\xprs.jar;C:\xpressmp\lib\xprb.jar
PATH=C:/Program Files/Java/jdk-13.0.2/bin/server;C:/Program Files/Java/jdk-13.0.2/bin;C:\Program Files (x86)\Common Files\Oracle\Java\javapath;C:\xpressmp\bin;C:\xpressmp\workbench;C:\Program Files\Python37\Scripts\;C:\Program Files\Python37\;C:\Program Files (x86)\Intel\Intel(R) Management Engine Components\iCLS\;C:\Program Files\Intel\Intel(R) Management Engine Components\iCLS\;C:\windows\system32;C:\windows;C:\windows\System32\Wbem;C:\windows\System32\WindowsPowerShell\v1.0\;C:\windows\System32\OpenSSH\;C:\Program Files (x86)\Intel\Intel(R) Management Engine Components\DAL;C:\Program Files\Intel\Intel(R) Management Engine Components\DAL;C:\Users\Santiago\AppData\Local\Microsoft\WindowsApps;C:\Program Files (x86)\Java\jdk1.8.0_112\bin;C:\Program Files (x86)\Java\jre1.8.0_112\bin;C:\Program Files\Git\cmd;;C:\Program Files (x86)\Java\jdk1.8.0_112\bin;C:\Program Files (x86)\Java\jre1.8.0_112\bin;;C:\Program Files (x86)\Java\jdk1.8.0_112\bin;C:\Program Files (x86)\Java\jre1.8.0_112\bin;C:\Program Files\Git LFS;C:\Users\Santiago\AppData\Local\Microsoft\WindowsApps;;C:\Users\Santiago\Desktop;
USERNAME=Santiago
OS=Windows_NT
PROCESSOR_IDENTIFIER=Intel64 Family 6 Model 142 Stepping 10, GenuineIntel



---------------  S Y S T E M  ---------------

OS: Windows 10 , 64 bit Build 17763 (10.0.17763.1158)

CPU:total 8 (initial active 8) (4 cores per cpu, 2 threads per core) family 6 model 142 stepping 10, cmov, cx8, fxsr, mmx, sse, sse2, sse3, ssse3, sse4.1, sse4.2, popcnt, avx, avx2, aes, clmul, erms, 3dnowpref, lzcnt, ht, tsc, tscinvbit, bmi1, bmi2, adx, fma

Memory: 4k page, system-wide physical 8026M (1020M free)
TotalPageFile size 32602M (AvailPageFile size 492M)
current process WorkingSet (physical memory assigned to process): 311M, peak: 311M
current process commit charge ("private bytes"): 387M, peak: 919M

vm_info: Java HotSpot(TM) 64-Bit Server VM (13.0.2+8) for windows-amd64 JRE (13.0.2+8), built on Dec 11 2019 09:20:33 by "mach5one" with unknown MS VC++:1916

END.
